团队：1 (2015010865,成品油管道设计.2018-2019-2) 34 -->29  成品油管道设计.2018-2019-2.请编辑.2015010865.白宗翰
114 2015010865 白宗翰 --> 114 2015010865.白宗翰
团队：2 (2015010871,成品油管道设计.2018-2019-2) 32 -->27  成品油管道设计.2018-2019-2.请编辑.2015010871.侯富恒
120 2015010871 侯富恒 --> 120 2015010871.侯富恒
团队：3 (2015010865,成品油管道设计.2018-2019-2) 34 -->29  成品油管道设计.2018-2019-2.请编辑.2015010865.白宗翰
114 2015010865 白宗翰 --> 114 2015010865.白宗翰
团队：4 (2018214560,软件概论.2018-2019-2) 42 -->34  软件概论.2018-2019-2.请编辑.2018214560.张静宇
247 2018214560 张静宇 --> 247 2018214560.张静宇
团队：5 (2015010883,成品油管道设计.2018-2019-2) 30 -->25  成品油管道设计.2018-2019-2.请编辑.2015010883.严腾飞
131 2015010883 严腾飞 --> 131 2015010883.严腾飞
团队：6 (2015010856,成品油管道设计.2018-2019-2) 37 -->31  成品油管道设计.2018-2019-2.请编辑.2015010856.贾羽茜
105 2015010856 贾羽茜 --> 105 2015010856.贾羽茜
团队：7 (2018214579,软件概论.2018-2019-2) 17 -->14  软件概论.2018-2019-2.请编辑.2018214579.赵留康
260 2018214578 张湘玮 --> 260 2018214578.张湘玮
团队：8 (2015010858,成品油管道设计.2018-2019-2) 28 -->24  成品油管道设计.2018-2019-2.请编辑.2015010858.兰敏
107 2015010858 兰敏 --> 107 2015010858.兰敏
团队：9 (2015010877,成品油管道设计.2018-2019-2) 43 -->35  成品油管道设计.2018-2019-2.请编辑.2015010877.马克
125 2015010877 马克 --> 125 2015010877.马克
团队：10 (2015010858,成品油管道设计.2018-2019-2) 28 -->24  成品油管道设计.2018-2019-2.请编辑.2015010858.兰敏
107 2015010858 兰敏 --> 107 2015010858.兰敏
团队：11 (2018214572,软件概论.2018-2019-2) 20 -->17  软件概论.2018-2019-2.请编辑.2018214572.陈汉
265 2018214572 陈汉 --> 265 2018214572.陈汉
团队：12 (2018214576,软件概论.2018-2019-2) 33 -->28  软件概论.2018-2019-2.请编辑.2018214576.刘壮
258 2018214576 刘壮 --> 258 2018214576.刘壮
团队：13 (2015010870,成品油管道设计.2018-2019-2) 45 -->36  成品油管道设计.2018-2019-2.请编辑.2015010870.贺国晏
119 2015010870 贺国晏 --> 119 2015010870.贺国晏
团队：14 (2018214555,软件概论.2018-2019-2) 18 -->15  软件概论.2018-2019-2.请编辑.2018214555.谭遥
95 2018214555 谭遥 --> 95 2018214555.谭遥
团队：15 (2015010885,成品油管道设计.2018-2019-2) 49 -->39  成品油管道设计.2018-2019-2.请编辑.2015010885.殷雄
133 2015010885 殷雄 --> 133 2015010885.殷雄
团队：16 (2015010867,成品油管道设计.2018-2019-2) 22 -->18  成品油管道设计.2018-2019-2.请编辑.2015010867.付顺康
116 2015010867 付顺康 --> 116 2015010867.付顺康
团队：17 (1552,华南销售项目) 6 -->4  华南销售项目.1552.宫敬
224 1102 吴海浩 --> 224 1102.吴海浩
团队：18 (2015010743,成品油管道设计.2018-2019-2) 48 -->38  成品油管道设计.2018-2019-2.请编辑.2015010743.王铁淞
102 2015010743 王铁淞 --> 102 2015010743.王铁淞
团队：19 (2018214544,软件概论.2018-2019-2) 25 -->21  软件概论.2018-2019-2.请编辑.2018214544.冯兴
90 2018214544 冯兴 --> 90 2018214544.冯兴
团队：20 (2018214568,软件概论.2018-2019-2) 24 -->20  软件概论.2018-2019-2.请编辑.2018214568.王帅
252 2018214568 王帅 --> 252 2018214568.王帅
团队：21 (2017214588,软件概论.2018-2019-2) 26 -->22  软件概论.2018-2019-2.请编辑.2017214588.孙成威
238 2017214588 孙成威 --> 238 2017214588.孙成威
团队：22 (2018214556,软件概论.2018-2019-2) 27 -->23  软件概论.2018-2019-2.请编辑.2018214556.董小钰
244 2018214557 陶冰星 --> 244 2018214557.陶冰星
团队：23 (2015011149,成品油管道设计.2018-2019-2) 46 -->37  成品油管道设计.2018-2019-2.请编辑.2015011149.张悦
136 2015011149 张悦 --> 136 2015011149.张悦
团队：24 (2018214548,软件概论.2018-2019-2) 19 -->16  软件概论.2018-2019-2.请编辑.2018214548.王昕
240 2018214548 王昕 --> 240 2018214548.王昕
团队：25 (2015010861,成品油管道设计.2018-2019-2) 36 -->30  成品油管道设计.2018-2019-2.请编辑.2015010861.柳佳丽
109 2015010860 李玥洁 --> 109 2015010860.李玥洁
团队：26 (2018214575,软件概论.2018-2019-2) 31 -->26  软件概论.2018-2019-2.请编辑.2018214575.曾亚男
257 2018214575 曾亚男 --> 257 2018214575.曾亚男
团队：27 (2151,单管水力模拟) 3 -->1  单管水力模拟.2151.李晓平
48 2016214076 苏越 --> 48 2016214076.苏越
团队：28 (2151,集输管网积液) 8 -->6  集输管网积液.2151.李晓平
48 2016214076 苏越 --> 48 2016214076.苏越
团队：29 (2151,管网水力模拟) 4 -->2  管网水力模拟.2151.李晓平
48 2016214076 苏越 --> 48 2016214076.苏越
团队：30 (2018214055,油气管道SCADA系统与过程控制.2018-2019-2) 52 -->42  油气管道SCADA系统与过程控制.2018-2019-2.请编辑.2018214055.刘鹏
84 2018214055 刘鹏 --> 84 2018214055.刘鹏
团队：31 (2151,管网水力模拟) 4 -->2  管网水力模拟.2151.李晓平
61 2017214565 何卓 --> 61 2017214565.何卓
团队：32 (2151,管网水力模拟) 4 -->2  管网水力模拟.2151.李晓平
61 2017214565 何卓 --> 61 2017214565.何卓
团队：33 (2151,管网水力模拟) 4 -->2  管网水力模拟.2151.李晓平
61 2017214565 何卓 --> 61 2017214565.何卓
团队：34 (2151,管网水力模拟) 4 -->2  管网水力模拟.2151.李晓平
61 2017214565 何卓 --> 61 2017214565.何卓
团队：35 (2151,管网水力模拟) 4 -->2  管网水力模拟.2151.李晓平
61 2017214565 何卓 --> 61 2017214565.何卓
团队：36 (2151,管网水力模拟) 4 -->2  管网水力模拟.2151.李晓平
61 2017214565 何卓 --> 61 2017214565.何卓
团队：37 (2151,管网水力模拟) 4 -->2  管网水力模拟.2151.李晓平
61 2017214565 何卓 --> 61 2017214565.何卓
团队：38 (2151,管网水力模拟) 4 -->2  管网水力模拟.2151.李晓平
61 2017214565 何卓 --> 61 2017214565.何卓
团队：39 (2151,管网水力模拟) 4 -->2  管网水力模拟.2151.李晓平
61 2017214565 何卓 --> 61 2017214565.何卓
团队：40 (2151,管网水力模拟) 4 -->2  管网水力模拟.2151.李晓平
61 2017214565 何卓 --> 61 2017214565.何卓
团队：41 (2151,管网水力模拟) 4 -->2  管网水力模拟.2151.李晓平
61 2017214565 何卓 --> 61 2017214565.何卓
团队：42 (2151,管网水力模拟) 4 -->2  管网水力模拟.2151.李晓平
61 2017214565 何卓 --> 61 2017214565.何卓
团队：43 (2151,管网水力模拟) 4 -->2  管网水力模拟.2151.李晓平
61 2017214565 何卓 --> 61 2017214565.何卓
团队：44 (2151,管网水力模拟) 4 -->2  管网水力模拟.2151.李晓平
61 2017214565 何卓 --> 61 2017214565.何卓
团队：45 (2151,管网水力模拟) 4 -->2  管网水力模拟.2151.李晓平
61 2017214565 何卓 --> 61 2017214565.何卓
团队：46 (2018214068,油气管道SCADA系统与过程控制.2018-2019-2) 54 -->44  油气管道SCADA系统与过程控制.2018-2019-2.请编辑.2018214068.刘胜男
97 2018214068 刘胜男 --> 97 2018214068.刘胜男
团队：47 (2151,管网水力模拟) 4 -->2  管网水力模拟.2151.李晓平
61 2017214565 何卓 --> 61 2017214565.何卓
团队：48 (2151,管网水力模拟) 4 -->2  管网水力模拟.2151.李晓平
61 2017214565 何卓 --> 61 2017214565.何卓
团队：49 (1552,华南销售项目) 6 -->4  华南销售项目.1552.宫敬
263 2016214559 韦宝成 --> 263 2016214559.韦宝成
团队：50 (1552,华南销售项目) 6 -->4  华南销售项目.1552.宫敬
49 2016214557 万洋洋 --> 49 2016214557.万洋洋
团队：51 (1552,华南销售项目) 6 -->4  华南销售项目.1552.宫敬
49 2016214557 万洋洋 --> 49 2016214557.万洋洋
团队：52 (2018214578,油气管道SCADA系统与过程控制.2018-2019-2) 41 -->33  油气管道SCADA系统与过程控制.2018-2019-2.请编辑.2018214578.张湘玮
260 2018214578 张湘玮 --> 260 2018214578.张湘玮
团队：53 (2016214080,油气管道SCADA系统与过程控制.2018-2019-2) 53 -->43  油气管道SCADA系统与过程控制.2018-2019-2.请编辑.2016214080.李蛟鸾
264 2016214080 李蛟鸾 --> 264 2016214080.李蛟鸾
团队：54 (2018214053,油气管道SCADA系统与过程控制.2018-2019-2) 51 -->41  油气管道SCADA系统与过程控制.2018-2019-2.请编辑.2018214053.纪晨秋
82 2018214053 纪晨秋 --> 82 2018214053.纪晨秋
团队：55 (2018214555,油气管道SCADA系统与过程控制.2018-2019-2) 50 -->40  油气管道SCADA系统与过程控制.2018-2019-2.请编辑.2018214555.谭遥
95 2018214555 谭遥 --> 95 2018214555.谭遥
团队：56 (2018214560,软件概论.2018-2019-2) 42 -->34  软件概论.2018-2019-2.请编辑.2018214560.张静宇
247 2018214560 张静宇 --> 247 2018214560.张静宇
团队：57 (2018214575,软件概论.2018-2019-2) 31 -->26  软件概论.2018-2019-2.请编辑.2018214575.曾亚男
257 2018214575 曾亚男 --> 257 2018214575.曾亚男
团队：58 (2018214576,软件概论.2018-2019-2) 33 -->28  软件概论.2018-2019-2.请编辑.2018214576.刘壮
258 2018214576 刘壮 --> 258 2018214576.刘壮
团队：59 (2018214575,软件概论.2018-2019-2) 31 -->26  软件概论.2018-2019-2.请编辑.2018214575.曾亚男
257 2018214575 曾亚男 --> 257 2018214575.曾亚男
团队：60 (2018214556,软件概论.2018-2019-2) 27 -->23  软件概论.2018-2019-2.请编辑.2018214556.董小钰
243 2018214556 董小钰 --> 243 2018214556.董小钰
团队：61 (2018214555,软件概论.2018-2019-2) 18 -->15  软件概论.2018-2019-2.请编辑.2018214555.谭遥
95 2018214555 谭遥 --> 95 2018214555.谭遥
团队：62 (2018214579,软件概论.2018-2019-2) 17 -->14  软件概论.2018-2019-2.请编辑.2018214579.赵留康
260 2018214578 张湘玮 --> 260 2018214578.张湘玮
团队：63 (2018214544,软件概论.2018-2019-2) 25 -->21  软件概论.2018-2019-2.请编辑.2018214544.冯兴
90 2018214544 冯兴 --> 90 2018214544.冯兴
团队：64 (2017214588,软件概论.2018-2019-2) 26 -->22  软件概论.2018-2019-2.请编辑.2017214588.孙成威
238 2017214588 孙成威 --> 238 2017214588.孙成威
团队：65 (2018214556,软件概论.2018-2019-2) 27 -->23  软件概论.2018-2019-2.请编辑.2018214556.董小钰
243 2018214556 董小钰 --> 243 2018214556.董小钰
团队：66 (2015010867,成品油管道设计.2018-2019-2) 22 -->18  成品油管道设计.2018-2019-2.请编辑.2015010867.付顺康
116 2015010867 付顺康 --> 116 2015010867.付顺康
团队：67 (2015010867,成品油管道设计.2018-2019-2) 22 -->18  成品油管道设计.2018-2019-2.请编辑.2015010867.付顺康
116 2015010867 付顺康 --> 116 2015010867.付顺康
团队：68 (2015010867,成品油管道设计.2018-2019-2) 22 -->18  成品油管道设计.2018-2019-2.请编辑.2015010867.付顺康
116 2015010867 付顺康 --> 116 2015010867.付顺康
团队：69 (2015010865,成品油管道设计.2018-2019-2) 34 -->29  成品油管道设计.2018-2019-2.请编辑.2015010865.白宗翰
114 2015010865 白宗翰 --> 114 2015010865.白宗翰
团队：70 (2015010865,成品油管道设计.2018-2019-2) 34 -->29  成品油管道设计.2018-2019-2.请编辑.2015010865.白宗翰
114 2015010865 白宗翰 --> 114 2015010865.白宗翰
团队：71 (2015010856,成品油管道设计.2018-2019-2) 37 -->31  成品油管道设计.2018-2019-2.请编辑.2015010856.贾羽茜
105 2015010856 贾羽茜 --> 105 2015010856.贾羽茜
团队：72 (2015010856,成品油管道设计.2018-2019-2) 37 -->31  成品油管道设计.2018-2019-2.请编辑.2015010856.贾羽茜
105 2015010856 贾羽茜 --> 105 2015010856.贾羽茜
团队：73 (2015010856,成品油管道设计.2018-2019-2) 37 -->31  成品油管道设计.2018-2019-2.请编辑.2015010856.贾羽茜
105 2015010856 贾羽茜 --> 105 2015010856.贾羽茜
团队：74 (2015010856,成品油管道设计.2018-2019-2) 37 -->31  成品油管道设计.2018-2019-2.请编辑.2015010856.贾羽茜
105 2015010856 贾羽茜 --> 105 2015010856.贾羽茜
团队：75 (2015010856,成品油管道设计.2018-2019-2) 37 -->31  成品油管道设计.2018-2019-2.请编辑.2015010856.贾羽茜
105 2015010856 贾羽茜 --> 105 2015010856.贾羽茜
团队：76 (2015010858,成品油管道设计.2018-2019-2) 28 -->24  成品油管道设计.2018-2019-2.请编辑.2015010858.兰敏
107 2015010858 兰敏 --> 107 2015010858.兰敏
团队：77 (2015010858,成品油管道设计.2018-2019-2) 28 -->24  成品油管道设计.2018-2019-2.请编辑.2015010858.兰敏
107 2015010858 兰敏 --> 107 2015010858.兰敏
团队：78 (2015010858,成品油管道设计.2018-2019-2) 28 -->24  成品油管道设计.2018-2019-2.请编辑.2015010858.兰敏
107 2015010858 兰敏 --> 107 2015010858.兰敏
团队：79 (2015010885,成品油管道设计.2018-2019-2) 49 -->39  成品油管道设计.2018-2019-2.请编辑.2015010885.殷雄
133 2015010885 殷雄 --> 133 2015010885.殷雄
团队：80 (2015010861,成品油管道设计.2018-2019-2) 36 -->30  成品油管道设计.2018-2019-2.请编辑.2015010861.柳佳丽
110 2015010861 柳佳丽 --> 110 2015010861.柳佳丽
团队：81 (2015010861,成品油管道设计.2018-2019-2) 36 -->30  成品油管道设计.2018-2019-2.请编辑.2015010861.柳佳丽
110 2015010861 柳佳丽 --> 110 2015010861.柳佳丽
团队：82 (2015010861,成品油管道设计.2018-2019-2) 36 -->30  成品油管道设计.2018-2019-2.请编辑.2015010861.柳佳丽
110 2015010861 柳佳丽 --> 110 2015010861.柳佳丽
团队：83 (2015010861,成品油管道设计.2018-2019-2) 36 -->30  成品油管道设计.2018-2019-2.请编辑.2015010861.柳佳丽
110 2015010861 柳佳丽 --> 110 2015010861.柳佳丽
团队：84 (2015010856,成品油管道设计.2018-2019-2) 37 -->31  成品油管道设计.2018-2019-2.请编辑.2015010856.贾羽茜
105 2015010856 贾羽茜 --> 105 2015010856.贾羽茜
团队：85 (2015010743,成品油管道设计.2018-2019-2) 48 -->38  成品油管道设计.2018-2019-2.请编辑.2015010743.王铁淞
102 2015010743 王铁淞 --> 102 2015010743.王铁淞
团队：86 (2015010877,成品油管道设计.2018-2019-2) 43 -->35  成品油管道设计.2018-2019-2.请编辑.2015010877.马克
125 2015010877 马克 --> 125 2015010877.马克
团队：87 (2015010877,成品油管道设计.2018-2019-2) 43 -->35  成品油管道设计.2018-2019-2.请编辑.2015010877.马克
125 2015010877 马克 --> 125 2015010877.马克
团队：88 (2015010856,成品油管道设计.2018-2019-2) 37 -->31  成品油管道设计.2018-2019-2.请编辑.2015010856.贾羽茜
105 2015010856 贾羽茜 --> 105 2015010856.贾羽茜
团队：89 (2015010877,成品油管道设计.2018-2019-2) 43 -->35  成品油管道设计.2018-2019-2.请编辑.2015010877.马克
125 2015010877 马克 --> 125 2015010877.马克
团队：90 (2015010858,成品油管道设计.2018-2019-2) 28 -->24  成品油管道设计.2018-2019-2.请编辑.2015010858.兰敏
107 2015010858 兰敏 --> 107 2015010858.兰敏
团队：91 (2015010858,成品油管道设计.2018-2019-2) 28 -->24  成品油管道设计.2018-2019-2.请编辑.2015010858.兰敏
107 2015010858 兰敏 --> 107 2015010858.兰敏
团队：92 (2015011149,成品油管道设计.2018-2019-2) 46 -->37  成品油管道设计.2018-2019-2.请编辑.2015011149.张悦
136 2015011149 张悦 --> 136 2015011149.张悦
团队：93 (2015010883,成品油管道设计.2018-2019-2) 30 -->25  成品油管道设计.2018-2019-2.请编辑.2015010883.严腾飞
131 2015010883 严腾飞 --> 131 2015010883.严腾飞
团队：94 (2015010870,成品油管道设计.2018-2019-2) 45 -->36  成品油管道设计.2018-2019-2.请编辑.2015010870.贺国晏
119 2015010870 贺国晏 --> 119 2015010870.贺国晏
团队：95 (2015010870,成品油管道设计.2018-2019-2) 45 -->36  成品油管道设计.2018-2019-2.请编辑.2015010870.贺国晏
119 2015010870 贺国晏 --> 119 2015010870.贺国晏
团队：96 (2015010871,成品油管道设计.2018-2019-2) 32 -->27  成品油管道设计.2018-2019-2.请编辑.2015010871.侯富恒
120 2015010871 侯富恒 --> 120 2015010871.侯富恒
团队：97 (2016214080,油气管道SCADA系统与过程控制.2018-2019-2) 53 -->43  油气管道SCADA系统与过程控制.2018-2019-2.请编辑.2016214080.李蛟鸾
66 2017214052 李立 --> 66 2017214052.李立
团队：98 (2018214053,油气管道SCADA系统与过程控制.2018-2019-2) 51 -->41  油气管道SCADA系统与过程控制.2018-2019-2.请编辑.2018214053.纪晨秋
82 2018214053 纪晨秋 --> 82 2018214053.纪晨秋
团队：99 (2018214555,油气管道SCADA系统与过程控制.2018-2019-2) 50 -->40  油气管道SCADA系统与过程控制.2018-2019-2.请编辑.2018214555.谭遥
95 2018214555 谭遥 --> 95 2018214555.谭遥
团队：100 (2018214555,油气管道SCADA系统与过程控制.2018-2019-2) 50 -->40  油气管道SCADA系统与过程控制.2018-2019-2.请编辑.2018214555.谭遥
95 2018214555 谭遥 --> 95 2018214555.谭遥
团队：101 (2017214588,软件概论.2018-2019-2) 26 -->22  软件概论.2018-2019-2.请编辑.2017214588.孙成威
238 2017214588 孙成威 --> 238 2017214588.孙成威
团队：102 (2018214055,油气管道SCADA系统与过程控制.2018-2019-2) 52 -->42  油气管道SCADA系统与过程控制.2018-2019-2.请编辑.2018214055.刘鹏
84 2018214055 刘鹏 --> 84 2018214055.刘鹏
团队：103 (2018214055,油气管道SCADA系统与过程控制.2018-2019-2) 52 -->42  油气管道SCADA系统与过程控制.2018-2019-2.请编辑.2018214055.刘鹏
84 2018214055 刘鹏 --> 84 2018214055.刘鹏
团队：104 (2018214068,油气管道SCADA系统与过程控制.2018-2019-2) 54 -->44  油气管道SCADA系统与过程控制.2018-2019-2.请编辑.2018214068.刘胜男
97 2018214068 刘胜男 --> 97 2018214068.刘胜男
团队：105 (2018214068,油气管道SCADA系统与过程控制.2018-2019-2) 54 -->44  油气管道SCADA系统与过程控制.2018-2019-2.请编辑.2018214068.刘胜男
97 2018214068 刘胜男 --> 97 2018214068.刘胜男
团队：106 (2017214588,软件概论.2018-2019-2) 26 -->22  软件概论.2018-2019-2.请编辑.2017214588.孙成威
238 2017214588 孙成威 --> 238 2017214588.孙成威
团队：107 (2018214053,油气管道SCADA系统与过程控制.2018-2019-2) 51 -->41  油气管道SCADA系统与过程控制.2018-2019-2.请编辑.2018214053.纪晨秋
82 2018214053 纪晨秋 --> 82 2018214053.纪晨秋
团队：108 (2016214080,油气管道SCADA系统与过程控制.2018-2019-2) 53 -->43  油气管道SCADA系统与过程控制.2018-2019-2.请编辑.2016214080.李蛟鸾
66 2017214052 李立 --> 66 2017214052.李立
团队：109 (2018214068,油气管道SCADA系统与过程控制.2018-2019-2) 54 -->44  油气管道SCADA系统与过程控制.2018-2019-2.请编辑.2018214068.刘胜男
97 2018214068 刘胜男 --> 97 2018214068.刘胜男
团队：110 (1552,多气合采全开发周期集输及处理工艺) 5 -->3  多气合采全开发周期集输及处理工艺.1552.宫敬
59 2017214564 高晶晶 --> 59 2017214564.高晶晶
团队：111 (1552,多气合采全开发周期集输及处理工艺) 5 -->3  多气合采全开发周期集输及处理工艺.1552.宫敬
59 2017214564 高晶晶 --> 59 2017214564.高晶晶
团队：112 (2018214055,油气管道SCADA系统与过程控制.2018-2019-2) 52 -->42  油气管道SCADA系统与过程控制.2018-2019-2.请编辑.2018214055.刘鹏
84 2018214055 刘鹏 --> 84 2018214055.刘鹏
团队：113 (2018214053,油气管道SCADA系统与过程控制.2018-2019-2) 51 -->41  油气管道SCADA系统与过程控制.2018-2019-2.请编辑.2018214053.纪晨秋
82 2018214053 纪晨秋 --> 82 2018214053.纪晨秋
团队：114 (2018214579,软件概论.2018-2019-2) 17 -->14  软件概论.2018-2019-2.请编辑.2018214579.赵留康
260 2018214578 张湘玮 --> 260 2018214578.张湘玮
团队：115 (2018214068,油气管道SCADA系统与过程控制.2018-2019-2) 54 -->44  油气管道SCADA系统与过程控制.2018-2019-2.请编辑.2018214068.刘胜男
97 2018214068 刘胜男 --> 97 2018214068.刘胜男
团队：116 (2018214578,油气管道SCADA系统与过程控制.2018-2019-2) 41 -->33  油气管道SCADA系统与过程控制.2018-2019-2.请编辑.2018214578.张湘玮
260 2018214578 张湘玮 --> 260 2018214578.张湘玮
团队：117 (2018214578,油气管道SCADA系统与过程控制.2018-2019-2) 41 -->33  油气管道SCADA系统与过程控制.2018-2019-2.请编辑.2018214578.张湘玮
260 2018214578 张湘玮 --> 260 2018214578.张湘玮
团队：118 (2018214578,油气管道SCADA系统与过程控制.2018-2019-2) 41 -->33  油气管道SCADA系统与过程控制.2018-2019-2.请编辑.2018214578.张湘玮
260 2018214578 张湘玮 --> 260 2018214578.张湘玮
团队：119 (2018214578,油气管道SCADA系统与过程控制.2018-2019-2) 41 -->33  油气管道SCADA系统与过程控制.2018-2019-2.请编辑.2018214578.张湘玮
260 2018214578 张湘玮 --> 260 2018214578.张湘玮
团队：120 (2018214578,油气管道SCADA系统与过程控制.2018-2019-2) 41 -->33  油气管道SCADA系统与过程控制.2018-2019-2.请编辑.2018214578.张湘玮
260 2018214578 张湘玮 --> 260 2018214578.张湘玮
团队：121 (2016214080,油气管道SCADA系统与过程控制.2018-2019-2) 53 -->43  油气管道SCADA系统与过程控制.2018-2019-2.请编辑.2016214080.李蛟鸾
264 2016214080 李蛟鸾 --> 264 2016214080.李蛟鸾
团队：122 (2018214575,软件概论.2018-2019-2) 31 -->26  软件概论.2018-2019-2.请编辑.2018214575.曾亚男
257 2018214575 曾亚男 --> 257 2018214575.曾亚男
团队：123 (2018214575,软件概论.2018-2019-2) 31 -->26  软件概论.2018-2019-2.请编辑.2018214575.曾亚男
257 2018214575 曾亚男 --> 257 2018214575.曾亚男
团队：124 (2018214575,软件概论.2018-2019-2) 31 -->26  软件概论.2018-2019-2.请编辑.2018214575.曾亚男
257 2018214575 曾亚男 --> 257 2018214575.曾亚男
团队：125 (2018214568,软件概论.2018-2019-2) 24 -->20  软件概论.2018-2019-2.请编辑.2018214568.王帅
252 2018214568 王帅 --> 252 2018214568.王帅
团队：126 (2018214555,软件概论.2018-2019-2) 18 -->15  软件概论.2018-2019-2.请编辑.2018214555.谭遥
95 2018214555 谭遥 --> 95 2018214555.谭遥
团队：127 (2018214555,油气管道SCADA系统与过程控制.2018-2019-2) 50 -->40  油气管道SCADA系统与过程控制.2018-2019-2.请编辑.2018214555.谭遥
95 2018214555 谭遥 --> 95 2018214555.谭遥
团队：128 (2018214555,油气管道SCADA系统与过程控制.2018-2019-2) 50 -->40  油气管道SCADA系统与过程控制.2018-2019-2.请编辑.2018214555.谭遥
95 2018214555 谭遥 --> 95 2018214555.谭遥
团队：129 (2018214548,软件概论.2018-2019-2) 19 -->16  软件概论.2018-2019-2.请编辑.2018214548.王昕
240 2018214548 王昕 --> 240 2018214548.王昕
团队：130 (2018214544,软件概论.2018-2019-2) 25 -->21  软件概论.2018-2019-2.请编辑.2018214544.冯兴
90 2018214544 冯兴 --> 90 2018214544.冯兴
团队：131 (2018214576,软件概论.2018-2019-2) 33 -->28  软件概论.2018-2019-2.请编辑.2018214576.刘壮
258 2018214576 刘壮 --> 258 2018214576.刘壮
团队：132 (2018214555,软件概论.2018-2019-2) 18 -->15  软件概论.2018-2019-2.请编辑.2018214555.谭遥
94 2018214554 都兆楠 --> 94 2018214554.都兆楠
团队：133 (2018214555,软件概论.2018-2019-2) 18 -->15  软件概论.2018-2019-2.请编辑.2018214555.谭遥
94 2018214554 都兆楠 --> 94 2018214554.都兆楠
团队：134 (2018214560,软件概论.2018-2019-2) 42 -->34  软件概论.2018-2019-2.请编辑.2018214560.张静宇
247 2018214560 张静宇 --> 247 2018214560.张静宇
团队：135 (2018214560,软件概论.2018-2019-2) 42 -->34  软件概论.2018-2019-2.请编辑.2018214560.张静宇
247 2018214560 张静宇 --> 247 2018214560.张静宇
团队：136 (2018214556,软件概论.2018-2019-2) 27 -->23  软件概论.2018-2019-2.请编辑.2018214556.董小钰
93 2018214553 崔雪萌 --> 93 2018214553.崔雪萌
团队：137 (2018214572,软件概论.2018-2019-2) 20 -->17  软件概论.2018-2019-2.请编辑.2018214572.陈汉
265 2018214572 陈汉 --> 265 2018214572.陈汉
团队：138 (2017214588,软件概论.2018-2019-2) 26 -->22  软件概论.2018-2019-2.请编辑.2017214588.孙成威
238 2017214588 孙成威 --> 238 2017214588.孙成威
团队：139 (2017214588,软件概论.2018-2019-2) 26 -->22  软件概论.2018-2019-2.请编辑.2017214588.孙成威
238 2017214588 孙成威 --> 238 2017214588.孙成威
团队：140 (1552,多气合采全开发周期集输及处理工艺) 5 -->3  多气合采全开发周期集输及处理工艺.1552.宫敬
80 2017214069 狄国佳 --> 80 2017214069.狄国佳
团队：141 (1552,多气合采全开发周期集输及处理工艺) 5 -->3  多气合采全开发周期集输及处理工艺.1552.宫敬
80 2017214069 狄国佳 --> 80 2017214069.狄国佳
团队：142 (1552,多气合采全开发周期集输及处理工艺) 5 -->3  多气合采全开发周期集输及处理工艺.1552.宫敬
80 2017214069 狄国佳 --> 80 2017214069.狄国佳
团队：143 (1552,多气合采全开发周期集输及处理工艺) 5 -->3  多气合采全开发周期集输及处理工艺.1552.宫敬
80 2017214069 狄国佳 --> 80 2017214069.狄国佳
团队：144 (1552,多气合采全开发周期集输及处理工艺) 5 -->3  多气合采全开发周期集输及处理工艺.1552.宫敬
80 2017214069 狄国佳 --> 80 2017214069.狄国佳
团队：145 (1552,多气合采全开发周期集输及处理工艺) 5 -->3  多气合采全开发周期集输及处理工艺.1552.宫敬
80 2017214069 狄国佳 --> 80 2017214069.狄国佳
团队：146 (1552,多气合采全开发周期集输及处理工艺) 5 -->3  多气合采全开发周期集输及处理工艺.1552.宫敬
80 2017214069 狄国佳 --> 80 2017214069.狄国佳
团队：147 (1552,多气合采全开发周期集输及处理工艺) 5 -->3  多气合采全开发周期集输及处理工艺.1552.宫敬
80 2017214069 狄国佳 --> 80 2017214069.狄国佳
团队：148 (2015010914,本科毕设.2018-2019-2) 60 -->48  本科毕设.2018-2019-2.请编辑.2015010914.徐帜
165 2015010914 徐帜 --> 165 2015010914.徐帜
团队：149 (2017214588,软件概论.2018-2019-2) 26 -->22  软件概论.2018-2019-2.请编辑.2017214588.孙成威
238 2017214588 孙成威 --> 238 2017214588.孙成威
团队：150 (2015010914,本科毕设.2018-2019-2) 60 -->48  本科毕设.2018-2019-2.请编辑.2015010914.徐帜
165 2015010914 徐帜 --> 165 2015010914.徐帜
团队：151 (2015010914,本科毕设.2018-2019-2) 60 -->48  本科毕设.2018-2019-2.请编辑.2015010914.徐帜
165 2015010914 徐帜 --> 165 2015010914.徐帜
团队：152 (2018214572,软件概论.2018-2019-2) 20 -->17  软件概论.2018-2019-2.请编辑.2018214572.陈汉
265 2018214572 陈汉 --> 265 2018214572.陈汉
团队：153 (2015010911,本科毕设.2018-2019-2) 57 -->46  本科毕设.2018-2019-2.请编辑.2015010911.邰昊
162 2015010911 邰昊 --> 162 2015010911.邰昊
团队：154 (2015010911,本科毕设.2018-2019-2) 57 -->46  本科毕设.2018-2019-2.请编辑.2015010911.邰昊
162 2015010911 邰昊 --> 162 2015010911.邰昊
团队：155 (2015010930,本科毕设.2018-2019-2) 61 -->49  本科毕设.2018-2019-2.请编辑.2015010930.郑衣珍
185 2015010930 郑衣珍 --> 185 2015010930.郑衣珍
团队：156 (2015010930,本科毕设.2018-2019-2) 61 -->49  本科毕设.2018-2019-2.请编辑.2015010930.郑衣珍
185 2015010930 郑衣珍 --> 185 2015010930.郑衣珍
团队：157 (2015010930,本科毕设.2018-2019-2) 61 -->49  本科毕设.2018-2019-2.请编辑.2015010930.郑衣珍
185 2015010930 郑衣珍 --> 185 2015010930.郑衣珍
团队：158 (2015010914,本科毕设.2018-2019-2) 60 -->48  本科毕设.2018-2019-2.请编辑.2015010914.徐帜
165 2015010914 徐帜 --> 165 2015010914.徐帜
团队：159 (2015010900,本科毕设.2018-2019-2) 56 -->45  本科毕设.2018-2019-2.请编辑.2015010900.何毅
151 2015010900 何毅 --> 151 2015010900.何毅
团队：160 (2015030066,本科毕设.2018-2019-2) 58 -->47  本科毕设.2018-2019-2.请编辑.2015030066.康迪
211 2015030066 康迪 --> 211 2015030066.康迪
团队：161 (2015030066,本科毕设.2018-2019-2) 58 -->47  本科毕设.2018-2019-2.请编辑.2015030066.康迪
211 2015030066 康迪 --> 211 2015030066.康迪
团队：162 (2015030066,本科毕设.2018-2019-2) 58 -->47  本科毕设.2018-2019-2.请编辑.2015030066.康迪
211 2015030066 康迪 --> 211 2015030066.康迪
团队：163 (2015030066,本科毕设.2018-2019-2) 58 -->47  本科毕设.2018-2019-2.请编辑.2015030066.康迪
211 2015030066 康迪 --> 211 2015030066.康迪
团队：164 (2015030066,本科毕设.2018-2019-2) 58 -->47  本科毕设.2018-2019-2.请编辑.2015030066.康迪
211 2015030066 康迪 --> 211 2015030066.康迪
团队：165 (2015030066,本科毕设.2018-2019-2) 58 -->47  本科毕设.2018-2019-2.请编辑.2015030066.康迪
211 2015030066 康迪 --> 211 2015030066.康迪
团队：166 (2015030066,本科毕设.2018-2019-2) 58 -->47  本科毕设.2018-2019-2.请编辑.2015030066.康迪
211 2015030066 康迪 --> 211 2015030066.康迪
团队：167 (2018214572,软件概论.2018-2019-2) 20 -->17  软件概论.2018-2019-2.请编辑.2018214572.陈汉
265 2018214572 陈汉 --> 265 2018214572.陈汉
团队：168 (2018214572,软件概论.2018-2019-2) 20 -->17  软件概论.2018-2019-2.请编辑.2018214572.陈汉
265 2018214572 陈汉 --> 265 2018214572.陈汉
团队：169 (2018214053,油气管道SCADA系统与过程控制.2018-2019-2) 51 -->41  油气管道SCADA系统与过程控制.2018-2019-2.请编辑.2018214053.纪晨秋
82 2018214053 纪晨秋 --> 82 2018214053.纪晨秋
团队：170 (2018214068,油气管道SCADA系统与过程控制.2018-2019-2) 54 -->44  油气管道SCADA系统与过程控制.2018-2019-2.请编辑.2018214068.刘胜男
97 2018214068 刘胜男 --> 97 2018214068.刘胜男
团队：171 (2018214578,油气管道SCADA系统与过程控制.2018-2019-2) 41 -->33  油气管道SCADA系统与过程控制.2018-2019-2.请编辑.2018214578.张湘玮
260 2018214578 张湘玮 --> 260 2018214578.张湘玮
团队：172 (2015010914,本科毕设.2018-2019-2) 60 -->48  本科毕设.2018-2019-2.请编辑.2015010914.徐帜
165 2015010914 徐帜 --> 165 2015010914.徐帜
团队：173 (2018214055,油气管道SCADA系统与过程控制.2018-2019-2) 52 -->42  油气管道SCADA系统与过程控制.2018-2019-2.请编辑.2018214055.刘鹏
84 2018214055 刘鹏 --> 84 2018214055.刘鹏
团队：174 (2018214055,油气管道SCADA系统与过程控制.2018-2019-2) 52 -->42  油气管道SCADA系统与过程控制.2018-2019-2.请编辑.2018214055.刘鹏
84 2018214055 刘鹏 --> 84 2018214055.刘鹏
团队：175 (2018214568,软件概论.2018-2019-2) 24 -->20  软件概论.2018-2019-2.请编辑.2018214568.王帅
252 2018214568 王帅 --> 252 2018214568.王帅
团队：176 (2015010914,本科毕设.2018-2019-2) 60 -->48  本科毕设.2018-2019-2.请编辑.2015010914.徐帜
165 2015010914 徐帜 --> 165 2015010914.徐帜
团队：177 (2015010914,本科毕设.2018-2019-2) 60 -->48  本科毕设.2018-2019-2.请编辑.2015010914.徐帜
165 2015010914 徐帜 --> 165 2015010914.徐帜
团队：178 (2015010914,本科毕设.2018-2019-2) 60 -->48  本科毕设.2018-2019-2.请编辑.2015010914.徐帜
165 2015010914 徐帜 --> 165 2015010914.徐帜
团队：179 (2015010914,本科毕设.2018-2019-2) 60 -->48  本科毕设.2018-2019-2.请编辑.2015010914.徐帜
165 2015010914 徐帜 --> 165 2015010914.徐帜
团队：180 (2015010914,本科毕设.2018-2019-2) 60 -->48  本科毕设.2018-2019-2.请编辑.2015010914.徐帜
165 2015010914 徐帜 --> 165 2015010914.徐帜
团队：181 (2015010914,本科毕设.2018-2019-2) 60 -->48  本科毕设.2018-2019-2.请编辑.2015010914.徐帜
165 2015010914 徐帜 --> 165 2015010914.徐帜
团队：182 (2015010930,本科毕设.2018-2019-2) 61 -->49  本科毕设.2018-2019-2.请编辑.2015010930.郑衣珍
185 2015010930 郑衣珍 --> 185 2015010930.郑衣珍
团队：183 (2015030066,本科毕设.2018-2019-2) 58 -->47  本科毕设.2018-2019-2.请编辑.2015030066.康迪
211 2015030066 康迪 --> 211 2015030066.康迪
团队：184 (2015030066,本科毕设.2018-2019-2) 58 -->47  本科毕设.2018-2019-2.请编辑.2015030066.康迪
211 2015030066 康迪 --> 211 2015030066.康迪
团队：185 (2015010911,本科毕设.2018-2019-2) 57 -->46  本科毕设.2018-2019-2.请编辑.2015010911.邰昊
162 2015010911 邰昊 --> 162 2015010911.邰昊
团队：186 (2015010911,本科毕设.2018-2019-2) 57 -->46  本科毕设.2018-2019-2.请编辑.2015010911.邰昊
162 2015010911 邰昊 --> 162 2015010911.邰昊
团队：187 (2015010914,本科毕设.2018-2019-2) 60 -->48  本科毕设.2018-2019-2.请编辑.2015010914.徐帜
165 2015010914 徐帜 --> 165 2015010914.徐帜
团队：188 (2018214555,软件概论.2018-2019-2) 18 -->15  软件概论.2018-2019-2.请编辑.2018214555.谭遥
94 2018214554 都兆楠 --> 94 2018214554.都兆楠
团队：189 (2018214555,软件概论.2018-2019-2) 18 -->15  软件概论.2018-2019-2.请编辑.2018214555.谭遥
94 2018214554 都兆楠 --> 94 2018214554.都兆楠
团队：190 (2018214555,软件概论.2018-2019-2) 18 -->15  软件概论.2018-2019-2.请编辑.2018214555.谭遥
94 2018214554 都兆楠 --> 94 2018214554.都兆楠
团队：191 (2018214053,油气管道SCADA系统与过程控制.2018-2019-2) 51 -->41  油气管道SCADA系统与过程控制.2018-2019-2.请编辑.2018214053.纪晨秋
82 2018214053 纪晨秋 --> 82 2018214053.纪晨秋
团队：192 (2015010914,本科毕设.2018-2019-2) 60 -->48  本科毕设.2018-2019-2.请编辑.2015010914.徐帜
165 2015010914 徐帜 --> 165 2015010914.徐帜
团队：193 (2015010900,本科毕设.2018-2019-2) 56 -->45  本科毕设.2018-2019-2.请编辑.2015010900.何毅
151 2015010900 何毅 --> 151 2015010900.何毅
团队：194 (2015010900,本科毕设.2018-2019-2) 56 -->45  本科毕设.2018-2019-2.请编辑.2015010900.何毅
151 2015010900 何毅 --> 151 2015010900.何毅
团队：195 (2015010900,本科毕设.2018-2019-2) 56 -->45  本科毕设.2018-2019-2.请编辑.2015010900.何毅
151 2015010900 何毅 --> 151 2015010900.何毅
团队：196 (2015010900,本科毕设.2018-2019-2) 56 -->45  本科毕设.2018-2019-2.请编辑.2015010900.何毅
151 2015010900 何毅 --> 151 2015010900.何毅
团队：197 (2015010900,本科毕设.2018-2019-2) 56 -->45  本科毕设.2018-2019-2.请编辑.2015010900.何毅
151 2015010900 何毅 --> 151 2015010900.何毅
团队：198 (2015010900,本科毕设.2018-2019-2) 56 -->45  本科毕设.2018-2019-2.请编辑.2015010900.何毅
151 2015010900 何毅 --> 151 2015010900.何毅
团队：199 (2015010900,本科毕设.2018-2019-2) 56 -->45  本科毕设.2018-2019-2.请编辑.2015010900.何毅
151 2015010900 何毅 --> 151 2015010900.何毅
团队：200 (1552,华南销售项目) 6 -->4  华南销售项目.1552.宫敬
224 1102 吴海浩 --> 224 1102.吴海浩
团队：201 (1552,华南销售项目) 6 -->4  华南销售项目.1552.宫敬
2 2151 李晓平 --> 2 2151.李晓平
团队：202 (1552,华南销售项目) 6 -->4  华南销售项目.1552.宫敬
2 2151 李晓平 --> 2 2151.李晓平
团队：203 (1552,华南销售项目) 6 -->4  华南销售项目.1552.宫敬
2 2151 李晓平 --> 2 2151.李晓平
团队：204 (1552,华南销售项目) 6 -->4  华南销售项目.1552.宫敬
2 2151 李晓平 --> 2 2151.李晓平
团队：205 (1552,冲蚀项目) 7 -->5  冲蚀项目.1552.宫敬
2 2151 李晓平 --> 2 2151.李晓平
团队：206 (1552,冲蚀项目) 7 -->5  冲蚀项目.1552.宫敬
224 1102 吴海浩 --> 224 1102.吴海浩
团队：207 (1552,冲蚀项目) 7 -->5  冲蚀项目.1552.宫敬
2 2151 李晓平 --> 2 2151.李晓平
团队：208 (1552,华南销售项目) 6 -->4  华南销售项目.1552.宫敬
2 2151 李晓平 --> 2 2151.李晓平
团队：209 (2015010900,本科毕设.2018-2019-2) 56 -->45  本科毕设.2018-2019-2.请编辑.2015010900.何毅
151 2015010900 何毅 --> 151 2015010900.何毅
团队：210 (2015030066,本科毕设.2018-2019-2) 58 -->47  本科毕设.2018-2019-2.请编辑.2015030066.康迪
211 2015030066 康迪 --> 211 2015030066.康迪
团队：211 (2015030066,本科毕设.2018-2019-2) 58 -->47  本科毕设.2018-2019-2.请编辑.2015030066.康迪
211 2015030066 康迪 --> 211 2015030066.康迪
团队：212 (2015010930,本科毕设.2018-2019-2) 61 -->49  本科毕设.2018-2019-2.请编辑.2015010930.郑衣珍
185 2015010930 郑衣珍 --> 185 2015010930.郑衣珍
团队：213 (2015010930,本科毕设.2018-2019-2) 61 -->49  本科毕设.2018-2019-2.请编辑.2015010930.郑衣珍
185 2015010930 郑衣珍 --> 185 2015010930.郑衣珍
团队：214 (2015010930,本科毕设.2018-2019-2) 61 -->49  本科毕设.2018-2019-2.请编辑.2015010930.郑衣珍
185 2015010930 郑衣珍 --> 185 2015010930.郑衣珍
团队：215 (2015010930,本科毕设.2018-2019-2) 61 -->49  本科毕设.2018-2019-2.请编辑.2015010930.郑衣珍
185 2015010930 郑衣珍 --> 185 2015010930.郑衣珍
团队：216 (2015010930,本科毕设.2018-2019-2) 61 -->49  本科毕设.2018-2019-2.请编辑.2015010930.郑衣珍
185 2015010930 郑衣珍 --> 185 2015010930.郑衣珍
团队：217 (2015010930,本科毕设.2018-2019-2) 61 -->49  本科毕设.2018-2019-2.请编辑.2015010930.郑衣珍
185 2015010930 郑衣珍 --> 185 2015010930.郑衣珍
团队：218 (2015010930,本科毕设.2018-2019-2) 61 -->49  本科毕设.2018-2019-2.请编辑.2015010930.郑衣珍
185 2015010930 郑衣珍 --> 185 2015010930.郑衣珍
团队：219 (2015010914,本科毕设.2018-2019-2) 60 -->48  本科毕设.2018-2019-2.请编辑.2015010914.徐帜
165 2015010914 徐帜 --> 165 2015010914.徐帜
团队：220 (2015010930,本科毕设.2018-2019-2) 61 -->49  本科毕设.2018-2019-2.请编辑.2015010930.郑衣珍
185 2015010930 郑衣珍 --> 185 2015010930.郑衣珍
团队：221 (2015010911,本科毕设.2018-2019-2) 57 -->46  本科毕设.2018-2019-2.请编辑.2015010911.邰昊
162 2015010911 邰昊 --> 162 2015010911.邰昊
团队：222 (2015010911,本科毕设.2018-2019-2) 57 -->46  本科毕设.2018-2019-2.请编辑.2015010911.邰昊
162 2015010911 邰昊 --> 162 2015010911.邰昊
团队：223 (2015010911,本科毕设.2018-2019-2) 57 -->46  本科毕设.2018-2019-2.请编辑.2015010911.邰昊
162 2015010911 邰昊 --> 162 2015010911.邰昊
团队：224 (2015030066,本科毕设.2018-2019-2) 58 -->47  本科毕设.2018-2019-2.请编辑.2015030066.康迪
211 2015030066 康迪 --> 211 2015030066.康迪
团队：225 (2015010900,本科毕设.2018-2019-2) 56 -->45  本科毕设.2018-2019-2.请编辑.2015010900.何毅
151 2015010900 何毅 --> 151 2015010900.何毅
团队：226 (2015010900,本科毕设.2018-2019-2) 56 -->45  本科毕设.2018-2019-2.请编辑.2015010900.何毅
151 2015010900 何毅 --> 151 2015010900.何毅
团队：227 (2018214579,软件概论.2018-2019-2) 17 -->14  软件概论.2018-2019-2.请编辑.2018214579.赵留康
260 2018214578 张湘玮 --> 260 2018214578.张湘玮
团队：228 (2018214578,油气管道SCADA系统与过程控制.2018-2019-2) 41 -->33  油气管道SCADA系统与过程控制.2018-2019-2.请编辑.2018214578.张湘玮
260 2018214578 张湘玮 --> 260 2018214578.张湘玮
团队：229 (2018214578,油气管道SCADA系统与过程控制.2018-2019-2) 41 -->33  油气管道SCADA系统与过程控制.2018-2019-2.请编辑.2018214578.张湘玮
260 2018214578 张湘玮 --> 260 2018214578.张湘玮
团队：230 (2018214055,油气管道SCADA系统与过程控制.2018-2019-2) 52 -->42  油气管道SCADA系统与过程控制.2018-2019-2.请编辑.2018214055.刘鹏
84 2018214055 刘鹏 --> 84 2018214055.刘鹏
团队：231 (2018214055,油气管道SCADA系统与过程控制.2018-2019-2) 52 -->42  油气管道SCADA系统与过程控制.2018-2019-2.请编辑.2018214055.刘鹏
84 2018214055 刘鹏 --> 84 2018214055.刘鹏
团队：232 (2018214055,油气管道SCADA系统与过程控制.2018-2019-2) 52 -->42  油气管道SCADA系统与过程控制.2018-2019-2.请编辑.2018214055.刘鹏
84 2018214055 刘鹏 --> 84 2018214055.刘鹏
团队：233 (2018214544,软件概论.2018-2019-2) 25 -->21  软件概论.2018-2019-2.请编辑.2018214544.冯兴
90 2018214544 冯兴 --> 90 2018214544.冯兴
团队：234 (2018214576,软件概论.2018-2019-2) 33 -->28  软件概论.2018-2019-2.请编辑.2018214576.刘壮
251 2018214567 李栋 --> 251 2018214567.李栋
团队：235 (2018214576,软件概论.2018-2019-2) 33 -->28  软件概论.2018-2019-2.请编辑.2018214576.刘壮
251 2018214567 李栋 --> 251 2018214567.李栋
团队：236 (1552,多气合采全开发周期集输及处理工艺) 5 -->3  多气合采全开发周期集输及处理工艺.1552.宫敬
59 2017214564 高晶晶 --> 59 2017214564.高晶晶
团队：237 (1552,多气合采全开发周期集输及处理工艺) 5 -->3  多气合采全开发周期集输及处理工艺.1552.宫敬
59 2017214564 高晶晶 --> 59 2017214564.高晶晶
团队：238 (1552,多气合采全开发周期集输及处理工艺) 5 -->3  多气合采全开发周期集输及处理工艺.1552.宫敬
59 2017214564 高晶晶 --> 59 2017214564.高晶晶
团队：239 (1552,多气合采全开发周期集输及处理工艺) 5 -->3  多气合采全开发周期集输及处理工艺.1552.宫敬
59 2017214564 高晶晶 --> 59 2017214564.高晶晶
团队：240 (1552,多气合采全开发周期集输及处理工艺) 5 -->3  多气合采全开发周期集输及处理工艺.1552.宫敬
59 2017214564 高晶晶 --> 59 2017214564.高晶晶
团队：241 (1552,多气合采全开发周期集输及处理工艺) 5 -->3  多气合采全开发周期集输及处理工艺.1552.宫敬
59 2017214564 高晶晶 --> 59 2017214564.高晶晶
团队：242 (2015010911,本科毕设.2018-2019-2) 57 -->46  本科毕设.2018-2019-2.请编辑.2015010911.邰昊
162 2015010911 邰昊 --> 162 2015010911.邰昊
团队：243 (2015010911,本科毕设.2018-2019-2) 57 -->46  本科毕设.2018-2019-2.请编辑.2015010911.邰昊
162 2015010911 邰昊 --> 162 2015010911.邰昊
团队：244 (2015010911,本科毕设.2018-2019-2) 57 -->46  本科毕设.2018-2019-2.请编辑.2015010911.邰昊
162 2015010911 邰昊 --> 162 2015010911.邰昊
团队：245 (2015010914,本科毕设.2018-2019-2) 60 -->48  本科毕设.2018-2019-2.请编辑.2015010914.徐帜
165 2015010914 徐帜 --> 165 2015010914.徐帜
团队：246 (2015030066,本科毕设.2018-2019-2) 58 -->47  本科毕设.2018-2019-2.请编辑.2015030066.康迪
211 2015030066 康迪 --> 211 2015030066.康迪
团队：247 (2015010911,本科毕设.2018-2019-2) 57 -->46  本科毕设.2018-2019-2.请编辑.2015010911.邰昊
162 2015010911 邰昊 --> 162 2015010911.邰昊
团队：248 (2151,2016.硕士论文.陈影) 13 -->11  2016.硕士论文.陈影.请编辑.2151.李晓平
34 2016214554 陈影 --> 34 2016214554.陈影
团队：249 (2151,2016.硕士论文.万洋洋) 14 -->12  2016.硕士论文.万洋洋.请编辑.2151.李晓平
49 2016214557 万洋洋 --> 49 2016214557.万洋洋
团队：250 (2151,2016.硕士论文.陈影) 13 -->11  2016.硕士论文.陈影.请编辑.2151.李晓平
34 2016214554 陈影 --> 34 2016214554.陈影
团队：251 (2151,2016.硕士论文.陈影) 13 -->11  2016.硕士论文.陈影.请编辑.2151.李晓平
34 2016214554 陈影 --> 34 2016214554.陈影
团队：252 (2151,2016.硕士论文.陈影) 13 -->11  2016.硕士论文.陈影.请编辑.2151.李晓平
34 2016214554 陈影 --> 34 2016214554.陈影
团队：253 (2018214579,软件概论.2018-2019-2) 17 -->14  软件概论.2018-2019-2.请编辑.2018214579.赵留康
260 2018214578 张湘玮 --> 260 2018214578.张湘玮
团队：254 (2018214579,软件概论.2018-2019-2) 17 -->14  软件概论.2018-2019-2.请编辑.2018214579.赵留康
260 2018214578 张湘玮 --> 260 2018214578.张湘玮
团队：255 (2018214575,软件概论.2018-2019-2) 31 -->26  软件概论.2018-2019-2.请编辑.2018214575.曾亚男
257 2018214575 曾亚男 --> 257 2018214575.曾亚男
团队：256 (2018214575,软件概论.2018-2019-2) 31 -->26  软件概论.2018-2019-2.请编辑.2018214575.曾亚男
257 2018214575 曾亚男 --> 257 2018214575.曾亚男
团队：257 (2018214575,软件概论.2018-2019-2) 31 -->26  软件概论.2018-2019-2.请编辑.2018214575.曾亚男
257 2018214575 曾亚男 --> 257 2018214575.曾亚男
团队：258 (2018214575,软件概论.2018-2019-2) 31 -->26  软件概论.2018-2019-2.请编辑.2018214575.曾亚男
257 2018214575 曾亚男 --> 257 2018214575.曾亚男
团队：259 (2018214575,软件概论.2018-2019-2) 31 -->26  软件概论.2018-2019-2.请编辑.2018214575.曾亚男
257 2018214575 曾亚男 --> 257 2018214575.曾亚男
团队：260 (2018214575,软件概论.2018-2019-2) 31 -->26  软件概论.2018-2019-2.请编辑.2018214575.曾亚男
257 2018214575 曾亚男 --> 257 2018214575.曾亚男
团队：261 (2018214575,软件概论.2018-2019-2) 31 -->26  软件概论.2018-2019-2.请编辑.2018214575.曾亚男
257 2018214575 曾亚男 --> 257 2018214575.曾亚男
团队：262 (2018214575,软件概论.2018-2019-2) 31 -->26  软件概论.2018-2019-2.请编辑.2018214575.曾亚男
257 2018214575 曾亚男 --> 257 2018214575.曾亚男
团队：263 (2017214588,软件概论.2018-2019-2) 26 -->22  软件概论.2018-2019-2.请编辑.2017214588.孙成威
238 2017214588 孙成威 --> 238 2017214588.孙成威
团队：264 (2018214572,软件概论.2018-2019-2) 20 -->17  软件概论.2018-2019-2.请编辑.2018214572.陈汉
265 2018214572 陈汉 --> 265 2018214572.陈汉
团队：265 (2018214053,油气管道SCADA系统与过程控制.2018-2019-2) 51 -->41  油气管道SCADA系统与过程控制.2018-2019-2.请编辑.2018214053.纪晨秋
82 2018214053 纪晨秋 --> 82 2018214053.纪晨秋
团队：266 (2018214068,油气管道SCADA系统与过程控制.2018-2019-2) 54 -->44  油气管道SCADA系统与过程控制.2018-2019-2.请编辑.2018214068.刘胜男
97 2018214068 刘胜男 --> 97 2018214068.刘胜男
团队：267 (2018214068,油气管道SCADA系统与过程控制.2018-2019-2) 54 -->44  油气管道SCADA系统与过程控制.2018-2019-2.请编辑.2018214068.刘胜男
97 2018214068 刘胜男 --> 97 2018214068.刘胜男
团队：268 (2018214572,软件概论.2018-2019-2) 20 -->17  软件概论.2018-2019-2.请编辑.2018214572.陈汉
256 2018214574 周冰 --> 256 2018214574.周冰
团队：269 (2018214572,软件概论.2018-2019-2) 20 -->17  软件概论.2018-2019-2.请编辑.2018214572.陈汉
256 2018214574 周冰 --> 256 2018214574.周冰
团队：270 (2018214068,油气管道SCADA系统与过程控制.2018-2019-2) 54 -->44  油气管道SCADA系统与过程控制.2018-2019-2.请编辑.2018214068.刘胜男
97 2018214068 刘胜男 --> 97 2018214068.刘胜男
团队：271 (2018214068,油气管道SCADA系统与过程控制.2018-2019-2) 54 -->44  油气管道SCADA系统与过程控制.2018-2019-2.请编辑.2018214068.刘胜男
97 2018214068 刘胜男 --> 97 2018214068.刘胜男
团队：272 (2018214068,油气管道SCADA系统与过程控制.2018-2019-2) 54 -->44  油气管道SCADA系统与过程控制.2018-2019-2.请编辑.2018214068.刘胜男
97 2018214068 刘胜男 --> 97 2018214068.刘胜男
团队：273 (2018214068,油气管道SCADA系统与过程控制.2018-2019-2) 54 -->44  油气管道SCADA系统与过程控制.2018-2019-2.请编辑.2018214068.刘胜男
97 2018214068 刘胜男 --> 97 2018214068.刘胜男
团队：274 (2018214068,油气管道SCADA系统与过程控制.2018-2019-2) 54 -->44  油气管道SCADA系统与过程控制.2018-2019-2.请编辑.2018214068.刘胜男
97 2018214068 刘胜男 --> 97 2018214068.刘胜男
团队：275 (2018214068,油气管道SCADA系统与过程控制.2018-2019-2) 54 -->44  油气管道SCADA系统与过程控制.2018-2019-2.请编辑.2018214068.刘胜男
97 2018214068 刘胜男 --> 97 2018214068.刘胜男
团队：276 (2018214068,油气管道SCADA系统与过程控制.2018-2019-2) 54 -->44  油气管道SCADA系统与过程控制.2018-2019-2.请编辑.2018214068.刘胜男
97 2018214068 刘胜男 --> 97 2018214068.刘胜男
团队：277 (2018214068,油气管道SCADA系统与过程控制.2018-2019-2) 54 -->44  油气管道SCADA系统与过程控制.2018-2019-2.请编辑.2018214068.刘胜男
97 2018214068 刘胜男 --> 97 2018214068.刘胜男
团队：278 (2018214068,油气管道SCADA系统与过程控制.2018-2019-2) 54 -->44  油气管道SCADA系统与过程控制.2018-2019-2.请编辑.2018214068.刘胜男
97 2018214068 刘胜男 --> 97 2018214068.刘胜男
团队：279 (2018214572,软件概论.2018-2019-2) 20 -->17  软件概论.2018-2019-2.请编辑.2018214572.陈汉
256 2018214574 周冰 --> 256 2018214574.周冰
团队：280 (2016214559,2016.硕士论文.韦宝成) 81 -->60  2016.硕士论文.韦宝成.请编辑.2016214559.韦宝成
263 2016214559 韦宝成 --> 263 2016214559.韦宝成
团队：281 (2016214560,2016.硕士论文.周艳红) 84 -->62  2016.硕士论文.周艳红.请编辑.2016214560.周艳红
57 2016214560 周艳红 --> 57 2016214560.周艳红
团队：282 (2016214560,2016.硕士论文.周艳红) 84 -->62  2016.硕士论文.周艳红.请编辑.2016214560.周艳红
57 2016214560 周艳红 --> 57 2016214560.周艳红
团队：283 (1552,多气合采全开发周期集输及处理工艺) 5 -->3  多气合采全开发周期集输及处理工艺.1552.宫敬
57 2016214560 周艳红 --> 57 2016214560.周艳红
团队：284 (1552,多气合采全开发周期集输及处理工艺) 5 -->3  多气合采全开发周期集输及处理工艺.1552.宫敬
57 2016214560 周艳红 --> 57 2016214560.周艳红
团队：285 (2016214558,2016.硕士论文.王茀玺) 82 -->61  2016.硕士论文.王茀玺.请编辑.2016214558.王茀玺
50 2016214558 王茀玺 --> 50 2016214558.王茀玺
团队：286 (2015010930,本科毕设.2018-2019-2) 61 -->49  本科毕设.2018-2019-2.请编辑.2015010930.郑衣珍
185 2015010930 郑衣珍 --> 185 2015010930.郑衣珍
团队：287 (2015010930,本科毕设.2018-2019-2) 61 -->49  本科毕设.2018-2019-2.请编辑.2015010930.郑衣珍
185 2015010930 郑衣珍 --> 185 2015010930.郑衣珍
团队：288 (2015010930,本科毕设.2018-2019-2) 61 -->49  本科毕设.2018-2019-2.请编辑.2015010930.郑衣珍
185 2015010930 郑衣珍 --> 185 2015010930.郑衣珍
团队：289 (2015010930,本科毕设.2018-2019-2) 61 -->49  本科毕设.2018-2019-2.请编辑.2015010930.郑衣珍
185 2015010930 郑衣珍 --> 185 2015010930.郑衣珍
团队：290 (2015030066,本科毕设.2018-2019-2) 58 -->47  本科毕设.2018-2019-2.请编辑.2015030066.康迪
211 2015030066 康迪 --> 211 2015030066.康迪
团队：291 (2015010930,本科毕设.2018-2019-2) 61 -->49  本科毕设.2018-2019-2.请编辑.2015010930.郑衣珍
185 2015010930 郑衣珍 --> 185 2015010930.郑衣珍
团队：292 (2015010914,本科毕设.2018-2019-2) 60 -->48  本科毕设.2018-2019-2.请编辑.2015010914.徐帜
165 2015010914 徐帜 --> 165 2015010914.徐帜
团队：293 (2015010914,本科毕设.2018-2019-2) 60 -->48  本科毕设.2018-2019-2.请编辑.2015010914.徐帜
165 2015010914 徐帜 --> 165 2015010914.徐帜
团队：294 (2018214572,软件概论.2018-2019-2) 20 -->17  软件概论.2018-2019-2.请编辑.2018214572.陈汉
255 2018214573 钟思源 --> 255 2018214573.钟思源
团队：295 (2018214572,软件概论.2018-2019-2) 20 -->17  软件概论.2018-2019-2.请编辑.2018214572.陈汉
255 2018214573 钟思源 --> 255 2018214573.钟思源
团队：296 (2018214572,软件概论.2018-2019-2) 20 -->17  软件概论.2018-2019-2.请编辑.2018214572.陈汉
255 2018214573 钟思源 --> 255 2018214573.钟思源
团队：297 (2018214555,油气管道SCADA系统与过程控制.2018-2019-2) 50 -->40  油气管道SCADA系统与过程控制.2018-2019-2.请编辑.2018214555.谭遥
94 2018214554 都兆楠 --> 94 2018214554.都兆楠
团队：298 (2018214555,油气管道SCADA系统与过程控制.2018-2019-2) 50 -->40  油气管道SCADA系统与过程控制.2018-2019-2.请编辑.2018214555.谭遥
94 2018214554 都兆楠 --> 94 2018214554.都兆楠
团队：299 (2018214555,油气管道SCADA系统与过程控制.2018-2019-2) 50 -->40  油气管道SCADA系统与过程控制.2018-2019-2.请编辑.2018214555.谭遥
94 2018214554 都兆楠 --> 94 2018214554.都兆楠
团队：300 (2018214555,油气管道SCADA系统与过程控制.2018-2019-2) 50 -->40  油气管道SCADA系统与过程控制.2018-2019-2.请编辑.2018214555.谭遥
94 2018214554 都兆楠 --> 94 2018214554.都兆楠
团队：301 (2151,管网水力模拟) 4 -->2  管网水力模拟.2151.李晓平
61 2017214565 何卓 --> 61 2017214565.何卓
团队：302 (2151,管网水力模拟) 4 -->2  管网水力模拟.2151.李晓平
61 2017214565 何卓 --> 61 2017214565.何卓
团队：303 (2151,管网水力模拟) 4 -->2  管网水力模拟.2151.李晓平
61 2017214565 何卓 --> 61 2017214565.何卓
团队：304 (2015010914,本科毕设.2018-2019-2) 60 -->48  本科毕设.2018-2019-2.请编辑.2015010914.徐帜
165 2015010914 徐帜 --> 165 2015010914.徐帜
团队：305 (2015010914,本科毕设.2018-2019-2) 60 -->48  本科毕设.2018-2019-2.请编辑.2015010914.徐帜
165 2015010914 徐帜 --> 165 2015010914.徐帜
团队：306 (2017214588,软件概论.2018-2019-2) 26 -->22  软件概论.2018-2019-2.请编辑.2017214588.孙成威
33 2016214090 陈怡鸣 --> 33 2016214090.陈怡鸣
团队：307 (2017214588,软件概论.2018-2019-2) 26 -->22  软件概论.2018-2019-2.请编辑.2017214588.孙成威
33 2016214090 陈怡鸣 --> 33 2016214090.陈怡鸣
团队：308 (2017214588,软件概论.2018-2019-2) 26 -->22  软件概论.2018-2019-2.请编辑.2017214588.孙成威
33 2016214090 陈怡鸣 --> 33 2016214090.陈怡鸣
团队：309 (2017214588,软件概论.2018-2019-2) 26 -->22  软件概论.2018-2019-2.请编辑.2017214588.孙成威
33 2016214090 陈怡鸣 --> 33 2016214090.陈怡鸣
团队：310 (2018214560,软件概论.2018-2019-2) 42 -->34  软件概论.2018-2019-2.请编辑.2018214560.张静宇
247 2018214560 张静宇 --> 247 2018214560.张静宇
团队：311 (2015030066,本科毕设.2018-2019-2) 58 -->47  本科毕设.2018-2019-2.请编辑.2015030066.康迪
211 2015030066 康迪 --> 211 2015030066.康迪
团队：312 (2018214575,软件概论.2018-2019-2) 31 -->26  软件概论.2018-2019-2.请编辑.2018214575.曾亚男
242 2018214550 单锦旭 --> 242 2018214550.单锦旭
团队：313 (2018214575,软件概论.2018-2019-2) 31 -->26  软件概论.2018-2019-2.请编辑.2018214575.曾亚男
242 2018214550 单锦旭 --> 242 2018214550.单锦旭
团队：314 (2017214588,软件概论.2018-2019-2) 26 -->22  软件概论.2018-2019-2.请编辑.2017214588.孙成威
238 2017214588 孙成威 --> 238 2017214588.孙成威
团队：315 (2017214588,软件概论.2018-2019-2) 26 -->22  软件概论.2018-2019-2.请编辑.2017214588.孙成威
238 2017214588 孙成威 --> 238 2017214588.孙成威
团队：316 (2018214053,油气管道SCADA系统与过程控制.2018-2019-2) 51 -->41  油气管道SCADA系统与过程控制.2018-2019-2.请编辑.2018214053.纪晨秋
82 2018214053 纪晨秋 --> 82 2018214053.纪晨秋
团队：317 (2015010900,本科毕设.2018-2019-2) 56 -->45  本科毕设.2018-2019-2.请编辑.2015010900.何毅
151 2015010900 何毅 --> 151 2015010900.何毅
团队：318 (2015010900,本科毕设.2018-2019-2) 56 -->45  本科毕设.2018-2019-2.请编辑.2015010900.何毅
151 2015010900 何毅 --> 151 2015010900.何毅
团队：319 (2151,纳米微波) 68 -->54  纳米微波.2151.李晓平
35 2016214555 崔可心 --> 35 2016214555.崔可心
团队：320 (2151,纳米微波) 68 -->54  纳米微波.2151.李晓平
35 2016214555 崔可心 --> 35 2016214555.崔可心
团队：321 (2016214080,油气管道SCADA系统与过程控制.2018-2019-2) 53 -->43  油气管道SCADA系统与过程控制.2018-2019-2.请编辑.2016214080.李蛟鸾
265 2018214572 陈汉 --> 265 2018214572.陈汉
团队：322 (2016214080,油气管道SCADA系统与过程控制.2018-2019-2) 53 -->43  油气管道SCADA系统与过程控制.2018-2019-2.请编辑.2016214080.李蛟鸾
265 2018214572 陈汉 --> 265 2018214572.陈汉
团队：323 (2016214080,油气管道SCADA系统与过程控制.2018-2019-2) 53 -->43  油气管道SCADA系统与过程控制.2018-2019-2.请编辑.2016214080.李蛟鸾
265 2018214572 陈汉 --> 265 2018214572.陈汉
团队：324 (2016214080,油气管道SCADA系统与过程控制.2018-2019-2) 53 -->43  油气管道SCADA系统与过程控制.2018-2019-2.请编辑.2016214080.李蛟鸾
265 2018214572 陈汉 --> 265 2018214572.陈汉
团队：325 (2016214080,油气管道SCADA系统与过程控制.2018-2019-2) 53 -->43  油气管道SCADA系统与过程控制.2018-2019-2.请编辑.2016214080.李蛟鸾
265 2018214572 陈汉 --> 265 2018214572.陈汉
团队：326 (2018214545,软件概论.2018-2019-2) 88 -->66  软件概论.2018-2019-2.请编辑.2018214545.王昕楚
91 2018214545 王昕楚 --> 91 2018214545.王昕楚
团队：327 (2018214545,软件概论.2018-2019-2) 88 -->66  软件概论.2018-2019-2.请编辑.2018214545.王昕楚
91 2018214545 王昕楚 --> 91 2018214545.王昕楚
团队：328 (2017214588,软件概论.2018-2019-2) 26 -->22  软件概论.2018-2019-2.请编辑.2017214588.孙成威
68 2017214053 吕鹏飞 --> 68 2017214053.吕鹏飞
团队：329 (2017214588,软件概论.2018-2019-2) 26 -->22  软件概论.2018-2019-2.请编辑.2017214588.孙成威
68 2017214053 吕鹏飞 --> 68 2017214053.吕鹏飞
团队：330 (2018214555,软件概论.2018-2019-2) 18 -->15  软件概论.2018-2019-2.请编辑.2018214555.谭遥
94 2018214554 都兆楠 --> 94 2018214554.都兆楠
团队：331 (2018214555,软件概论.2018-2019-2) 18 -->15  软件概论.2018-2019-2.请编辑.2018214555.谭遥
94 2018214554 都兆楠 --> 94 2018214554.都兆楠
团队：332 (2018214555,软件概论.2018-2019-2) 18 -->15  软件概论.2018-2019-2.请编辑.2018214555.谭遥
94 2018214554 都兆楠 --> 94 2018214554.都兆楠
团队：333 (2018214555,油气管道SCADA系统与过程控制.2018-2019-2) 50 -->40  油气管道SCADA系统与过程控制.2018-2019-2.请编辑.2018214555.谭遥
94 2018214554 都兆楠 --> 94 2018214554.都兆楠
团队：334 (2018214555,油气管道SCADA系统与过程控制.2018-2019-2) 50 -->40  油气管道SCADA系统与过程控制.2018-2019-2.请编辑.2018214555.谭遥
94 2018214554 都兆楠 --> 94 2018214554.都兆楠
团队：335 (2015010911,本科毕设.2018-2019-2) 57 -->46  本科毕设.2018-2019-2.请编辑.2015010911.邰昊
162 2015010911 邰昊 --> 162 2015010911.邰昊
团队：336 (2015010911,本科毕设.2018-2019-2) 57 -->46  本科毕设.2018-2019-2.请编辑.2015010911.邰昊
162 2015010911 邰昊 --> 162 2015010911.邰昊
团队：337 (2015010911,本科毕设.2018-2019-2) 57 -->46  本科毕设.2018-2019-2.请编辑.2015010911.邰昊
162 2015010911 邰昊 --> 162 2015010911.邰昊
团队：338 (2015010911,本科毕设.2018-2019-2) 57 -->46  本科毕设.2018-2019-2.请编辑.2015010911.邰昊
162 2015010911 邰昊 --> 162 2015010911.邰昊
团队：339 (2015010911,本科毕设.2018-2019-2) 57 -->46  本科毕设.2018-2019-2.请编辑.2015010911.邰昊
162 2015010911 邰昊 --> 162 2015010911.邰昊
团队：340 (2015010900,本科毕设.2018-2019-2) 56 -->45  本科毕设.2018-2019-2.请编辑.2015010900.何毅
2 2151 李晓平 --> 2 2151.李晓平
团队：341 (2015010900,本科毕设.2018-2019-2) 56 -->45  本科毕设.2018-2019-2.请编辑.2015010900.何毅
2 2151 李晓平 --> 2 2151.李晓平
团队：342 (2015010900,本科毕设.2018-2019-2) 56 -->45  本科毕设.2018-2019-2.请编辑.2015010900.何毅
2 2151 李晓平 --> 2 2151.李晓平
团队：343 (2015010911,本科毕设.2018-2019-2) 57 -->46  本科毕设.2018-2019-2.请编辑.2015010911.邰昊
2 2151 李晓平 --> 2 2151.李晓平
团队：344 (2015010911,本科毕设.2018-2019-2) 57 -->46  本科毕设.2018-2019-2.请编辑.2015010911.邰昊
2 2151 李晓平 --> 2 2151.李晓平
团队：345 (2015030066,本科毕设.2018-2019-2) 58 -->47  本科毕设.2018-2019-2.请编辑.2015030066.康迪
2 2151 李晓平 --> 2 2151.李晓平
团队：346 (2015030066,本科毕设.2018-2019-2) 58 -->47  本科毕设.2018-2019-2.请编辑.2015030066.康迪
2 2151 李晓平 --> 2 2151.李晓平
团队：347 (2015030066,本科毕设.2018-2019-2) 58 -->47  本科毕设.2018-2019-2.请编辑.2015030066.康迪
2 2151 李晓平 --> 2 2151.李晓平
团队：348 (2015030066,本科毕设.2018-2019-2) 58 -->47  本科毕设.2018-2019-2.请编辑.2015030066.康迪
2 2151 李晓平 --> 2 2151.李晓平
团队：349 (2015010914,本科毕设.2018-2019-2) 60 -->48  本科毕设.2018-2019-2.请编辑.2015010914.徐帜
2 2151 李晓平 --> 2 2151.李晓平
团队：350 (2015010914,本科毕设.2018-2019-2) 60 -->48  本科毕设.2018-2019-2.请编辑.2015010914.徐帜
2 2151 李晓平 --> 2 2151.李晓平
团队：351 (2015010930,本科毕设.2018-2019-2) 61 -->49  本科毕设.2018-2019-2.请编辑.2015010930.郑衣珍
185 2015010930 郑衣珍 --> 185 2015010930.郑衣珍
团队：352 (2015010930,本科毕设.2018-2019-2) 61 -->49  本科毕设.2018-2019-2.请编辑.2015010930.郑衣珍
185 2015010930 郑衣珍 --> 185 2015010930.郑衣珍
团队：353 (2015010930,本科毕设.2018-2019-2) 61 -->49  本科毕设.2018-2019-2.请编辑.2015010930.郑衣珍
185 2015010930 郑衣珍 --> 185 2015010930.郑衣珍
团队：354 (2015010930,本科毕设.2018-2019-2) 61 -->49  本科毕设.2018-2019-2.请编辑.2015010930.郑衣珍
185 2015010930 郑衣珍 --> 185 2015010930.郑衣珍
团队：355 (2015010930,本科毕设.2018-2019-2) 61 -->49  本科毕设.2018-2019-2.请编辑.2015010930.郑衣珍
185 2015010930 郑衣珍 --> 185 2015010930.郑衣珍
团队：356 (2015010930,本科毕设.2018-2019-2) 61 -->49  本科毕设.2018-2019-2.请编辑.2015010930.郑衣珍
185 2015010930 郑衣珍 --> 185 2015010930.郑衣珍
团队：357 (2015010900,本科毕设.2018-2019-2) 56 -->45  本科毕设.2018-2019-2.请编辑.2015010900.何毅
151 2015010900 何毅 --> 151 2015010900.何毅
团队：358 (2018214068,油气管道SCADA系统与过程控制.2018-2019-2) 54 -->44  油气管道SCADA系统与过程控制.2018-2019-2.请编辑.2018214068.刘胜男
97 2018214068 刘胜男 --> 97 2018214068.刘胜男
团队：359 (2018214556,软件概论.2018-2019-2) 27 -->23  软件概论.2018-2019-2.请编辑.2018214556.董小钰
93 2018214553 崔雪萌 --> 93 2018214553.崔雪萌
团队：360 (2018214556,软件概论.2018-2019-2) 27 -->23  软件概论.2018-2019-2.请编辑.2018214556.董小钰
93 2018214553 崔雪萌 --> 93 2018214553.崔雪萌
团队：361 (2018214556,软件概论.2018-2019-2) 27 -->23  软件概论.2018-2019-2.请编辑.2018214556.董小钰
93 2018214553 崔雪萌 --> 93 2018214553.崔雪萌
团队：362 (2016214558,2016.硕士论文.王茀玺) 82 -->61  2016.硕士论文.王茀玺.请编辑.2016214558.王茀玺
50 2016214558 王茀玺 --> 50 2016214558.王茀玺
团队：363 (2151,2016.硕士论文.李愚) 10 -->8  2016.硕士论文.李愚.请编辑.2151.李晓平
43 2016214556 李愚 --> 43 2016214556.李愚
团队：364 (2151,2016.硕士论文.李愚) 10 -->8  2016.硕士论文.李愚.请编辑.2151.李晓平
43 2016214556 李愚 --> 43 2016214556.李愚
团队：365 (2151,2016.硕士论文.李愚) 10 -->8  2016.硕士论文.李愚.请编辑.2151.李晓平
43 2016214556 李愚 --> 43 2016214556.李愚
团队：366 (2151,2016.硕士论文.李愚) 10 -->8  2016.硕士论文.李愚.请编辑.2151.李晓平
43 2016214556 李愚 --> 43 2016214556.李愚
团队：367 (2151,2016.硕士论文.李愚) 10 -->8  2016.硕士论文.李愚.请编辑.2151.李晓平
43 2016214556 李愚 --> 43 2016214556.李愚
团队：368 (2151,2016.硕士论文.李愚) 10 -->8  2016.硕士论文.李愚.请编辑.2151.李晓平
43 2016214556 李愚 --> 43 2016214556.李愚
团队：369 (2151,2016.硕士论文.李愚) 10 -->8  2016.硕士论文.李愚.请编辑.2151.李晓平
43 2016214556 李愚 --> 43 2016214556.李愚
团队：370 (2151,2016.硕士论文.李愚) 10 -->8  2016.硕士论文.李愚.请编辑.2151.李晓平
43 2016214556 李愚 --> 43 2016214556.李愚
团队：371 (2151,2016.硕士论文.李愚) 10 -->8  2016.硕士论文.李愚.请编辑.2151.李晓平
43 2016214556 李愚 --> 43 2016214556.李愚
团队：372 (2151,2016.硕士论文.李愚) 10 -->8  2016.硕士论文.李愚.请编辑.2151.李晓平
43 2016214556 李愚 --> 43 2016214556.李愚
团队：373 (2151,2016.硕士论文.李愚) 10 -->8  2016.硕士论文.李愚.请编辑.2151.李晓平
43 2016214556 李愚 --> 43 2016214556.李愚
团队：374 (2151,2016.硕士论文.李愚) 10 -->8  2016.硕士论文.李愚.请编辑.2151.李晓平
43 2016214556 李愚 --> 43 2016214556.李愚
团队：375 (2151,2016.硕士论文.李愚) 10 -->8  2016.硕士论文.李愚.请编辑.2151.李晓平
43 2016214556 李愚 --> 43 2016214556.李愚
团队：376 (2151,2016.硕士论文.李愚) 10 -->8  2016.硕士论文.李愚.请编辑.2151.李晓平
43 2016214556 李愚 --> 43 2016214556.李愚
团队：377 (2151,2016.硕士论文.李愚) 10 -->8  2016.硕士论文.李愚.请编辑.2151.李晓平
43 2016214556 李愚 --> 43 2016214556.李愚
团队：378 (2151,2016.硕士论文.李愚) 10 -->8  2016.硕士论文.李愚.请编辑.2151.李晓平
43 2016214556 李愚 --> 43 2016214556.李愚
团队：379 (2151,2016.硕士论文.李愚) 10 -->8  2016.硕士论文.李愚.请编辑.2151.李晓平
43 2016214556 李愚 --> 43 2016214556.李愚
团队：380 (2151,2016.硕士论文.李愚) 10 -->8  2016.硕士论文.李愚.请编辑.2151.李晓平
43 2016214556 李愚 --> 43 2016214556.李愚
团队：381 (2151,2016.硕士论文.李愚) 10 -->8  2016.硕士论文.李愚.请编辑.2151.李晓平
43 2016214556 李愚 --> 43 2016214556.李愚
团队：382 (2151,2016.硕士论文.李愚) 10 -->8  2016.硕士论文.李愚.请编辑.2151.李晓平
43 2016214556 李愚 --> 43 2016214556.李愚
团队：383 (2151,2016.硕士论文.李愚) 10 -->8  2016.硕士论文.李愚.请编辑.2151.李晓平
43 2016214556 李愚 --> 43 2016214556.李愚
团队：384 (2151,2016.硕士论文.李愚) 10 -->8  2016.硕士论文.李愚.请编辑.2151.李晓平
43 2016214556 李愚 --> 43 2016214556.李愚
团队：385 (2151,2016.硕士论文.李愚) 10 -->8  2016.硕士论文.李愚.请编辑.2151.李晓平
43 2016214556 李愚 --> 43 2016214556.李愚
团队：386 (2151,2016.硕士论文.李愚) 10 -->8  2016.硕士论文.李愚.请编辑.2151.李晓平
43 2016214556 李愚 --> 43 2016214556.李愚
团队：387 (2151,2016.硕士论文.李愚) 10 -->8  2016.硕士论文.李愚.请编辑.2151.李晓平
43 2016214556 李愚 --> 43 2016214556.李愚
团队：388 (2151,2016.硕士论文.李愚) 10 -->8  2016.硕士论文.李愚.请编辑.2151.李晓平
43 2016214556 李愚 --> 43 2016214556.李愚
团队：389 (2151,2016.硕士论文.李愚) 10 -->8  2016.硕士论文.李愚.请编辑.2151.李晓平
43 2016214556 李愚 --> 43 2016214556.李愚
团队：390 (2151,2016.硕士论文.李愚) 10 -->8  2016.硕士论文.李愚.请编辑.2151.李晓平
43 2016214556 李愚 --> 43 2016214556.李愚
团队：391 (2151,2016.硕士论文.李愚) 10 -->8  2016.硕士论文.李愚.请编辑.2151.李晓平
43 2016214556 李愚 --> 43 2016214556.李愚
团队：392 (2016214557,2016.硕士论文.万洋洋) 69 -->55  2016.硕士论文.万洋洋.请编辑.2016214557.万洋洋
49 2016214557 万洋洋 --> 49 2016214557.万洋洋
团队：393 (2016214557,2016.硕士论文.万洋洋) 69 -->55  2016.硕士论文.万洋洋.请编辑.2016214557.万洋洋
49 2016214557 万洋洋 --> 49 2016214557.万洋洋
团队：394 (2016214559,2016.硕士论文.韦宝成) 81 -->60  2016.硕士论文.韦宝成.请编辑.2016214559.韦宝成
263 2016214559 韦宝成 --> 263 2016214559.韦宝成
团队：395 (2016214559,2016.硕士论文.韦宝成) 81 -->60  2016.硕士论文.韦宝成.请编辑.2016214559.韦宝成
263 2016214559 韦宝成 --> 263 2016214559.韦宝成
团队：396 (2016214559,2016.硕士论文.韦宝成) 81 -->60  2016.硕士论文.韦宝成.请编辑.2016214559.韦宝成
263 2016214559 韦宝成 --> 263 2016214559.韦宝成
团队：397 (2016214559,2016.硕士论文.韦宝成) 81 -->60  2016.硕士论文.韦宝成.请编辑.2016214559.韦宝成
263 2016214559 韦宝成 --> 263 2016214559.韦宝成
团队：398 (2016214559,2016.硕士论文.韦宝成) 81 -->60  2016.硕士论文.韦宝成.请编辑.2016214559.韦宝成
263 2016214559 韦宝成 --> 263 2016214559.韦宝成
团队：399 (2016214559,2016.硕士论文.韦宝成) 81 -->60  2016.硕士论文.韦宝成.请编辑.2016214559.韦宝成
263 2016214559 韦宝成 --> 263 2016214559.韦宝成
团队：400 (2016214559,2016.硕士论文.韦宝成) 81 -->60  2016.硕士论文.韦宝成.请编辑.2016214559.韦宝成
263 2016214559 韦宝成 --> 263 2016214559.韦宝成
团队：401 (2016214559,2016.硕士论文.韦宝成) 81 -->60  2016.硕士论文.韦宝成.请编辑.2016214559.韦宝成
263 2016214559 韦宝成 --> 263 2016214559.韦宝成
团队：402 (2015010930,本科毕设.2018-2019-2) 61 -->49  本科毕设.2018-2019-2.请编辑.2015010930.郑衣珍
185 2015010930 郑衣珍 --> 185 2015010930.郑衣珍
团队：403 (2016214559,2016.硕士论文.韦宝成) 81 -->60  2016.硕士论文.韦宝成.请编辑.2016214559.韦宝成
263 2016214559 韦宝成 --> 263 2016214559.韦宝成
团队：404 (2016214559,2016.硕士论文.韦宝成) 81 -->60  2016.硕士论文.韦宝成.请编辑.2016214559.韦宝成
263 2016214559 韦宝成 --> 263 2016214559.韦宝成
团队：405 (2016214559,2016.硕士论文.韦宝成) 81 -->60  2016.硕士论文.韦宝成.请编辑.2016214559.韦宝成
263 2016214559 韦宝成 --> 263 2016214559.韦宝成
团队：406 (2016214559,2016.硕士论文.韦宝成) 81 -->60  2016.硕士论文.韦宝成.请编辑.2016214559.韦宝成
263 2016214559 韦宝成 --> 263 2016214559.韦宝成
团队：407 (2016214559,2016.硕士论文.韦宝成) 81 -->60  2016.硕士论文.韦宝成.请编辑.2016214559.韦宝成
263 2016214559 韦宝成 --> 263 2016214559.韦宝成
团队：408 (2016214559,2016.硕士论文.韦宝成) 81 -->60  2016.硕士论文.韦宝成.请编辑.2016214559.韦宝成
263 2016214559 韦宝成 --> 263 2016214559.韦宝成
团队：409 (2016214559,2016.硕士论文.韦宝成) 81 -->60  2016.硕士论文.韦宝成.请编辑.2016214559.韦宝成
263 2016214559 韦宝成 --> 263 2016214559.韦宝成
团队：410 (2016214559,2016.硕士论文.韦宝成) 81 -->60  2016.硕士论文.韦宝成.请编辑.2016214559.韦宝成
263 2016214559 韦宝成 --> 263 2016214559.韦宝成
团队：411 (2016214559,2016.硕士论文.韦宝成) 81 -->60  2016.硕士论文.韦宝成.请编辑.2016214559.韦宝成
263 2016214559 韦宝成 --> 263 2016214559.韦宝成
团队：412 (2016214559,2016.硕士论文.韦宝成) 81 -->60  2016.硕士论文.韦宝成.请编辑.2016214559.韦宝成
263 2016214559 韦宝成 --> 263 2016214559.韦宝成
团队：413 (2016214559,2016.硕士论文.韦宝成) 81 -->60  2016.硕士论文.韦宝成.请编辑.2016214559.韦宝成
263 2016214559 韦宝成 --> 263 2016214559.韦宝成
团队：414 (2016214559,2016.硕士论文.韦宝成) 81 -->60  2016.硕士论文.韦宝成.请编辑.2016214559.韦宝成
263 2016214559 韦宝成 --> 263 2016214559.韦宝成
团队：415 (2016214559,2016.硕士论文.韦宝成) 81 -->60  2016.硕士论文.韦宝成.请编辑.2016214559.韦宝成
263 2016214559 韦宝成 --> 263 2016214559.韦宝成
团队：416 (2016214559,2016.硕士论文.韦宝成) 81 -->60  2016.硕士论文.韦宝成.请编辑.2016214559.韦宝成
263 2016214559 韦宝成 --> 263 2016214559.韦宝成
团队：417 (2016214559,2016.硕士论文.韦宝成) 81 -->60  2016.硕士论文.韦宝成.请编辑.2016214559.韦宝成
263 2016214559 韦宝成 --> 263 2016214559.韦宝成
团队：418 (2016214560,2016.硕士论文.周艳红) 84 -->62  2016.硕士论文.周艳红.请编辑.2016214560.周艳红
57 2016214560 周艳红 --> 57 2016214560.周艳红
团队：419 (2016214560,2016.硕士论文.周艳红) 84 -->62  2016.硕士论文.周艳红.请编辑.2016214560.周艳红
57 2016214560 周艳红 --> 57 2016214560.周艳红
团队：420 (2016214560,2016.硕士论文.周艳红) 84 -->62  2016.硕士论文.周艳红.请编辑.2016214560.周艳红
57 2016214560 周艳红 --> 57 2016214560.周艳红
团队：421 (2016214560,2016.硕士论文.周艳红) 84 -->62  2016.硕士论文.周艳红.请编辑.2016214560.周艳红
57 2016214560 周艳红 --> 57 2016214560.周艳红
团队：422 (2016214560,2016.硕士论文.周艳红) 84 -->62  2016.硕士论文.周艳红.请编辑.2016214560.周艳红
57 2016214560 周艳红 --> 57 2016214560.周艳红
团队：423 (2016214560,2016.硕士论文.周艳红) 84 -->62  2016.硕士论文.周艳红.请编辑.2016214560.周艳红
57 2016214560 周艳红 --> 57 2016214560.周艳红
团队：424 (2016214560,2016.硕士论文.周艳红) 84 -->62  2016.硕士论文.周艳红.请编辑.2016214560.周艳红
57 2016214560 周艳红 --> 57 2016214560.周艳红
团队：425 (2016214560,2016.硕士论文.周艳红) 84 -->62  2016.硕士论文.周艳红.请编辑.2016214560.周艳红
57 2016214560 周艳红 --> 57 2016214560.周艳红
团队：426 (2016214560,2016.硕士论文.周艳红) 84 -->62  2016.硕士论文.周艳红.请编辑.2016214560.周艳红
57 2016214560 周艳红 --> 57 2016214560.周艳红
团队：427 (2016214560,2016.硕士论文.周艳红) 84 -->62  2016.硕士论文.周艳红.请编辑.2016214560.周艳红
57 2016214560 周艳红 --> 57 2016214560.周艳红
团队：428 (2016214560,2016.硕士论文.周艳红) 84 -->62  2016.硕士论文.周艳红.请编辑.2016214560.周艳红
57 2016214560 周艳红 --> 57 2016214560.周艳红
团队：429 (2016214560,2016.硕士论文.周艳红) 84 -->62  2016.硕士论文.周艳红.请编辑.2016214560.周艳红
57 2016214560 周艳红 --> 57 2016214560.周艳红
团队：430 (2016214560,2016.硕士论文.周艳红) 84 -->62  2016.硕士论文.周艳红.请编辑.2016214560.周艳红
57 2016214560 周艳红 --> 57 2016214560.周艳红
团队：431 (2016214560,2016.硕士论文.周艳红) 84 -->62  2016.硕士论文.周艳红.请编辑.2016214560.周艳红
57 2016214560 周艳红 --> 57 2016214560.周艳红
团队：432 (2018214555,油气管道SCADA系统与过程控制.2018-2019-2) 50 -->40  油气管道SCADA系统与过程控制.2018-2019-2.请编辑.2018214555.谭遥
94 2018214554 都兆楠 --> 94 2018214554.都兆楠
团队：433 (2018214555,油气管道SCADA系统与过程控制.2018-2019-2) 50 -->40  油气管道SCADA系统与过程控制.2018-2019-2.请编辑.2018214555.谭遥
94 2018214554 都兆楠 --> 94 2018214554.都兆楠
团队：434 (2018214555,软件概论.2018-2019-2) 18 -->15  软件概论.2018-2019-2.请编辑.2018214555.谭遥
94 2018214554 都兆楠 --> 94 2018214554.都兆楠
团队：435 (2018214555,软件概论.2018-2019-2) 18 -->15  软件概论.2018-2019-2.请编辑.2018214555.谭遥
94 2018214554 都兆楠 --> 94 2018214554.都兆楠
团队：436 (2018214555,软件概论.2018-2019-2) 18 -->15  软件概论.2018-2019-2.请编辑.2018214555.谭遥
94 2018214554 都兆楠 --> 94 2018214554.都兆楠
团队：437 (2018214555,软件概论.2018-2019-2) 18 -->15  软件概论.2018-2019-2.请编辑.2018214555.谭遥
94 2018214554 都兆楠 --> 94 2018214554.都兆楠
团队：438 (2015010914,本科毕设.2018-2019-2) 60 -->48  本科毕设.2018-2019-2.请编辑.2015010914.徐帜
165 2015010914 徐帜 --> 165 2015010914.徐帜
团队：439 (2015010900,本科毕设.2018-2019-2) 56 -->45  本科毕设.2018-2019-2.请编辑.2015010900.何毅
151 2015010900 何毅 --> 151 2015010900.何毅
团队：440 (2015010930,本科毕设.2018-2019-2) 61 -->49  本科毕设.2018-2019-2.请编辑.2015010930.郑衣珍
185 2015010930 郑衣珍 --> 185 2015010930.郑衣珍
团队：441 (2015010911,本科毕设.2018-2019-2) 57 -->46  本科毕设.2018-2019-2.请编辑.2015010911.邰昊
162 2015010911 邰昊 --> 162 2015010911.邰昊
团队：442 (2151,2016.硕士论文.陈影) 13 -->11  2016.硕士论文.陈影.请编辑.2151.李晓平
34 2016214554 陈影 --> 34 2016214554.陈影
团队：443 (2151,2016.硕士论文.陈影) 13 -->11  2016.硕士论文.陈影.请编辑.2151.李晓平
34 2016214554 陈影 --> 34 2016214554.陈影
团队：444 (2151,2016.硕士论文.陈影) 13 -->11  2016.硕士论文.陈影.请编辑.2151.李晓平
34 2016214554 陈影 --> 34 2016214554.陈影
团队：445 (2151,2016.硕士论文.陈影) 13 -->11  2016.硕士论文.陈影.请编辑.2151.李晓平
34 2016214554 陈影 --> 34 2016214554.陈影
团队：446 (2151,2016.硕士论文.陈影) 13 -->11  2016.硕士论文.陈影.请编辑.2151.李晓平
34 2016214554 陈影 --> 34 2016214554.陈影
团队：447 (2151,2016.硕士论文.陈影) 13 -->11  2016.硕士论文.陈影.请编辑.2151.李晓平
34 2016214554 陈影 --> 34 2016214554.陈影
团队：448 (2151,2016.硕士论文.陈影) 13 -->11  2016.硕士论文.陈影.请编辑.2151.李晓平
34 2016214554 陈影 --> 34 2016214554.陈影
团队：449 (2151,2016.硕士论文.陈影) 13 -->11  2016.硕士论文.陈影.请编辑.2151.李晓平
34 2016214554 陈影 --> 34 2016214554.陈影
团队：450 (2151,2016.硕士论文.陈影) 13 -->11  2016.硕士论文.陈影.请编辑.2151.李晓平
34 2016214554 陈影 --> 34 2016214554.陈影
团队：451 (2151,2016.硕士论文.陈影) 13 -->11  2016.硕士论文.陈影.请编辑.2151.李晓平
34 2016214554 陈影 --> 34 2016214554.陈影
团队：452 (2151,2016.硕士论文.陈影) 13 -->11  2016.硕士论文.陈影.请编辑.2151.李晓平
34 2016214554 陈影 --> 34 2016214554.陈影
团队：453 (2151,2016.硕士论文.陈影) 13 -->11  2016.硕士论文.陈影.请编辑.2151.李晓平
34 2016214554 陈影 --> 34 2016214554.陈影
团队：454 (2151,2016.硕士论文.陈影) 13 -->11  2016.硕士论文.陈影.请编辑.2151.李晓平
34 2016214554 陈影 --> 34 2016214554.陈影
团队：455 (2151,2016.硕士论文.陈影) 13 -->11  2016.硕士论文.陈影.请编辑.2151.李晓平
34 2016214554 陈影 --> 34 2016214554.陈影
团队：456 (2151,2016.硕士论文.陈影) 13 -->11  2016.硕士论文.陈影.请编辑.2151.李晓平
34 2016214554 陈影 --> 34 2016214554.陈影
团队：457 (2151,2016.硕士论文.陈影) 13 -->11  2016.硕士论文.陈影.请编辑.2151.李晓平
34 2016214554 陈影 --> 34 2016214554.陈影
团队：458 (2151,2016.硕士论文.陈影) 13 -->11  2016.硕士论文.陈影.请编辑.2151.李晓平
34 2016214554 陈影 --> 34 2016214554.陈影
团队：459 (2151,2016.硕士论文.陈影) 13 -->11  2016.硕士论文.陈影.请编辑.2151.李晓平
34 2016214554 陈影 --> 34 2016214554.陈影
团队：460 (2151,2016.硕士论文.陈影) 13 -->11  2016.硕士论文.陈影.请编辑.2151.李晓平
34 2016214554 陈影 --> 34 2016214554.陈影
团队：461 (2151,2016.硕士论文.陈影) 13 -->11  2016.硕士论文.陈影.请编辑.2151.李晓平
34 2016214554 陈影 --> 34 2016214554.陈影
团队：462 (2151,2016.硕士论文.陈影) 13 -->11  2016.硕士论文.陈影.请编辑.2151.李晓平
34 2016214554 陈影 --> 34 2016214554.陈影
团队：463 (2151,2016.硕士论文.陈影) 13 -->11  2016.硕士论文.陈影.请编辑.2151.李晓平
34 2016214554 陈影 --> 34 2016214554.陈影
团队：464 (1552,华南销售项目) 6 -->4  华南销售项目.1552.宫敬
34 2016214554 陈影 --> 34 2016214554.陈影
团队：465 (1552,华南销售项目) 6 -->4  华南销售项目.1552.宫敬
34 2016214554 陈影 --> 34 2016214554.陈影
团队：466 (1552,华南销售项目) 6 -->4  华南销售项目.1552.宫敬
34 2016214554 陈影 --> 34 2016214554.陈影
团队：467 (2018214555,油气管道SCADA系统与过程控制.2018-2019-2) 50 -->40  油气管道SCADA系统与过程控制.2018-2019-2.请编辑.2018214555.谭遥
95 2018214555 谭遥 --> 95 2018214555.谭遥
团队：468 (2016214555,纳米微波) 87 -->65  纳米微波.2016214555.崔可心
35 2016214555 崔可心 --> 35 2016214555.崔可心
团队：469 (2016214555,2016.硕士论文.崔可心) 72 -->57  2016.硕士论文.崔可心.请编辑.2016214555.崔可心
35 2016214555 崔可心 --> 35 2016214555.崔可心
团队：470 (2015030066,本科毕设.2018-2019-2) 58 -->47  本科毕设.2018-2019-2.请编辑.2015030066.康迪
211 2015030066 康迪 --> 211 2015030066.康迪
团队：471 (2015030066,本科毕设.2018-2019-2) 58 -->47  本科毕设.2018-2019-2.请编辑.2015030066.康迪
211 2015030066 康迪 --> 211 2015030066.康迪
团队：472 (2015010900,本科毕设.2018-2019-2) 56 -->45  本科毕设.2018-2019-2.请编辑.2015010900.何毅
151 2015010900 何毅 --> 151 2015010900.何毅
团队：473 (2015010914,本科毕设.2018-2019-2) 60 -->48  本科毕设.2018-2019-2.请编辑.2015010914.徐帜
165 2015010914 徐帜 --> 165 2015010914.徐帜
团队：474 (2015010911,本科毕设.2018-2019-2) 57 -->46  本科毕设.2018-2019-2.请编辑.2015010911.邰昊
162 2015010911 邰昊 --> 162 2015010911.邰昊
团队：475 (2015010900,本科毕设.2018-2019-2) 56 -->45  本科毕设.2018-2019-2.请编辑.2015010900.何毅
2 2151 李晓平 --> 2 2151.李晓平
团队：476 (2015010930,本科毕设.2018-2019-2) 61 -->49  本科毕设.2018-2019-2.请编辑.2015010930.郑衣珍
185 2015010930 郑衣珍 --> 185 2015010930.郑衣珍
团队：477 (2015010900,本科毕设.2018-2019-2) 56 -->45  本科毕设.2018-2019-2.请编辑.2015010900.何毅
151 2015010900 何毅 --> 151 2015010900.何毅
团队：478 (2016214557,2016.硕士论文.万洋洋) 69 -->55  2016.硕士论文.万洋洋.请编辑.2016214557.万洋洋
49 2016214557 万洋洋 --> 49 2016214557.万洋洋
团队：479 (2016214557,2016.硕士论文.万洋洋) 69 -->55  2016.硕士论文.万洋洋.请编辑.2016214557.万洋洋
49 2016214557 万洋洋 --> 49 2016214557.万洋洋
团队：480 (2015010900,本科毕设.2018-2019-2) 56 -->45  本科毕设.2018-2019-2.请编辑.2015010900.何毅
151 2015010900 何毅 --> 151 2015010900.何毅
团队：481 (2151,顺北项目) 78 -->58  顺北项目.2151.李晓平
2 2151 李晓平 --> 2 2151.李晓平
团队：482 (2151,华北积液项目) 94 -->70  华北积液项目.2151.李晓平
2 2151 李晓平 --> 2 2151.李晓平
团队：483 (2151,华北积液项目) 94 -->70  华北积液项目.2151.李晓平
2 2151 李晓平 --> 2 2151.李晓平
团队：484 (2151,机场水力模拟) 92 -->68  机场水力模拟.2151.李晓平
2 2151 李晓平 --> 2 2151.李晓平
团队：485 (2151,机场水力模拟) 92 -->68  机场水力模拟.2151.李晓平
2 2151 李晓平 --> 2 2151.李晓平
团队：486 (2151,机场水力模拟) 92 -->68  机场水力模拟.2151.李晓平
2 2151 李晓平 --> 2 2151.李晓平
团队：487 (2015010911,本科毕设.2018-2019-2) 57 -->46  本科毕设.2018-2019-2.请编辑.2015010911.邰昊
162 2015010911 邰昊 --> 162 2015010911.邰昊
团队：488 (2015010911,本科毕设.2018-2019-2) 57 -->46  本科毕设.2018-2019-2.请编辑.2015010911.邰昊
162 2015010911 邰昊 --> 162 2015010911.邰昊
团队：489 (2151,管网水力模拟) 4 -->2  管网水力模拟.2151.李晓平
61 2017214565 何卓 --> 61 2017214565.何卓
团队：490 (2151,管网水力模拟) 4 -->2  管网水力模拟.2151.李晓平
61 2017214565 何卓 --> 61 2017214565.何卓
团队：491 (2015010914,本科毕设.2018-2019-2) 60 -->48  本科毕设.2018-2019-2.请编辑.2015010914.徐帜
165 2015010914 徐帜 --> 165 2015010914.徐帜
团队：492 (2151,管网水力模拟) 4 -->2  管网水力模拟.2151.李晓平
61 2017214565 何卓 --> 61 2017214565.何卓
团队：493 (2151,机场水力模拟) 92 -->68  机场水力模拟.2151.李晓平
94 2018214554 都兆楠 --> 94 2018214554.都兆楠
团队：494 (2015010930,本科毕设.2018-2019-2) 61 -->49  本科毕设.2018-2019-2.请编辑.2015010930.郑衣珍
185 2015010930 郑衣珍 --> 185 2015010930.郑衣珍
团队：495 (2015010900,本科毕设.2018-2019-2) 56 -->45  本科毕设.2018-2019-2.请编辑.2015010900.何毅
151 2015010900 何毅 --> 151 2015010900.何毅
团队：496 (2015010911,本科毕设.2018-2019-2) 57 -->46  本科毕设.2018-2019-2.请编辑.2015010911.邰昊
162 2015010911 邰昊 --> 162 2015010911.邰昊
团队：497 (2015010911,本科毕设.2018-2019-2) 57 -->46  本科毕设.2018-2019-2.请编辑.2015010911.邰昊
162 2015010911 邰昊 --> 162 2015010911.邰昊
团队：498 (2015010911,本科毕设.2018-2019-2) 57 -->46  本科毕设.2018-2019-2.请编辑.2015010911.邰昊
162 2015010911 邰昊 --> 162 2015010911.邰昊
团队：499 (2015010930,本科毕设.2018-2019-2) 61 -->49  本科毕设.2018-2019-2.请编辑.2015010930.郑衣珍
185 2015010930 郑衣珍 --> 185 2015010930.郑衣珍
团队：500 (2015010930,本科毕设.2018-2019-2) 61 -->49  本科毕设.2018-2019-2.请编辑.2015010930.郑衣珍
185 2015010930 郑衣珍 --> 185 2015010930.郑衣珍
团队：501 (2015010911,本科毕设.2018-2019-2) 57 -->46  本科毕设.2018-2019-2.请编辑.2015010911.邰昊
162 2015010911 邰昊 --> 162 2015010911.邰昊
团队：502 (2015010911,本科毕设.2018-2019-2) 57 -->46  本科毕设.2018-2019-2.请编辑.2015010911.邰昊
162 2015010911 邰昊 --> 162 2015010911.邰昊
团队：503 (2015010911,本科毕设.2018-2019-2) 57 -->46  本科毕设.2018-2019-2.请编辑.2015010911.邰昊
162 2015010911 邰昊 --> 162 2015010911.邰昊
团队：504 (2015010911,本科毕设.2018-2019-2) 57 -->46  本科毕设.2018-2019-2.请编辑.2015010911.邰昊
162 2015010911 邰昊 --> 162 2015010911.邰昊
团队：505 (2015030066,本科毕设.2018-2019-2) 58 -->47  本科毕设.2018-2019-2.请编辑.2015030066.康迪
211 2015030066 康迪 --> 211 2015030066.康迪
团队：506 (2015010930,本科毕设.2018-2019-2) 61 -->49  本科毕设.2018-2019-2.请编辑.2015010930.郑衣珍
185 2015010930 郑衣珍 --> 185 2015010930.郑衣珍
团队：507 (2015010914,本科毕设.2018-2019-2) 60 -->48  本科毕设.2018-2019-2.请编辑.2015010914.徐帜
165 2015010914 徐帜 --> 165 2015010914.徐帜
团队：508 (2015010911,本科毕设.2018-2019-2) 57 -->46  本科毕设.2018-2019-2.请编辑.2015010911.邰昊
162 2015010911 邰昊 --> 162 2015010911.邰昊
团队：509 (2015010911,本科毕设.2018-2019-2) 57 -->46  本科毕设.2018-2019-2.请编辑.2015010911.邰昊
162 2015010911 邰昊 --> 162 2015010911.邰昊
团队：510 (2015010911,本科毕设.2018-2019-2) 57 -->46  本科毕设.2018-2019-2.请编辑.2015010911.邰昊
162 2015010911 邰昊 --> 162 2015010911.邰昊
团队：511 (2015030066,本科毕设.2018-2019-2) 58 -->47  本科毕设.2018-2019-2.请编辑.2015030066.康迪
211 2015030066 康迪 --> 211 2015030066.康迪
团队：512 (2015030066,本科毕设.2018-2019-2) 58 -->47  本科毕设.2018-2019-2.请编辑.2015030066.康迪
211 2015030066 康迪 --> 211 2015030066.康迪
团队：513 (2015030066,本科毕设.2018-2019-2) 58 -->47  本科毕设.2018-2019-2.请编辑.2015030066.康迪
211 2015030066 康迪 --> 211 2015030066.康迪
团队：514 (2015010914,本科毕设.2018-2019-2) 60 -->48  本科毕设.2018-2019-2.请编辑.2015010914.徐帜
165 2015010914 徐帜 --> 165 2015010914.徐帜
